

Started GET "/" for 127.0.0.1 at 2015-03-26 16:24:06 +0530
Processing by HomeController#index as HTML
  Rendered home/index.html.erb within layouts/application (1.6ms)
Completed 200 OK in 1366ms (Views: 1365.5ms | ActiveRecord: 0.0ms)


Started GET "/assets/home-e986f9631ac9daafb09ad200f91b7352.css?body=1" for 127.0.0.1 at 2015-03-26 16:24:08 +0530


Started GET "/assets/application-5be16d77ffbe4fe559d8ed2e4c9b0124.css?body=1" for 127.0.0.1 at 2015-03-26 16:24:08 +0530


Started GET "/assets/font-awesome-6c89c596217bb81c443bbc1bb46499d7.css?body=1" for 127.0.0.1 at 2015-03-26 16:24:08 +0530


Started GET "/assets/jquery-9d751bd21c4864f65bfbd8f54a1de10c.js?body=1" for 127.0.0.1 at 2015-03-26 16:24:08 +0530


Started GET "/assets/angular-route/angular-route-bca3206715b918723ca27bff6d4cfe84.js?body=1" for 127.0.0.1 at 2015-03-26 16:24:08 +0530


Started GET "/assets/jquery_ujs-b6180cd5656412d5eba8ffc0fdd2bf4a.js?body=1" for 127.0.0.1 at 2015-03-26 16:24:08 +0530


Started GET "/assets/angular/angular-37db9220596c1f1a1bc77b8681c0e778.js?body=1" for 127.0.0.1 at 2015-03-26 16:24:08 +0530


Started GET "/assets/angular-rails-templates-c9e94de22520f11aa00564c9a904ef73.js?body=1" for 127.0.0.1 at 2015-03-26 16:24:08 +0530


Started GET "/assets/angular-material/angular-material-c40b62d9c68fea3e2f3ad60bbd2a63ca.js?body=1" for 127.0.0.1 at 2015-03-26 16:24:08 +0530


Started GET "/assets/angular-animate/angular-animate-4a761384bc7cebf73d8c4450a308220d.js?body=1" for 127.0.0.1 at 2015-03-26 16:24:08 +0530


Started GET "/assets/angular-aria/angular-aria-1aa231b7ad0390d4eeb18c3628e0a52f.js?body=1" for 127.0.0.1 at 2015-03-26 16:24:08 +0530


Started GET "/assets/angular-ui-date/src/date-538586d09a15e80802c54920483c37ee.js?body=1" for 127.0.0.1 at 2015-03-26 16:24:08 +0530


Started GET "/assets/jquery-ui/jquery-ui-812a25253b3dbe2fffefe5d093fa18bc.js?body=1" for 127.0.0.1 at 2015-03-26 16:24:08 +0530


Started GET "/assets/angular-ui-map/ui-map-c9cc7eda59d3eb9349761624ebc51e1c.js?body=1" for 127.0.0.1 at 2015-03-26 16:24:08 +0530


Started GET "/assets/angular-pickadate/dist/angular-pickadate-24914355f94d78236c8c2e10bd62583f.js?body=1" for 127.0.0.1 at 2015-03-26 16:24:08 +0530


Started GET "/assets/app-d9d0b1fe97bde666a0eba3b4d5872b57.js?body=1" for 127.0.0.1 at 2015-03-26 16:24:08 +0530


Started GET "/assets/angular-messages/angular-messages-c107102a3e3631ee57fa5e5afa5204cb.js?body=1" for 127.0.0.1 at 2015-03-26 16:24:08 +0530


Started GET "/assets/home-6c18af08ae3fb4da41659d8a3910a101.js?body=1" for 127.0.0.1 at 2015-03-26 16:24:08 +0530


Started GET "/assets/ngAutocomplete-02ba5072eb2fee31648653d5979dcd18.js?body=1" for 127.0.0.1 at 2015-03-26 16:24:08 +0530


Started GET "/assets/templates/index-28fea2b2c5bfdbeb452a8f0c0f3e6e05.js?body=1" for 127.0.0.1 at 2015-03-26 16:24:08 +0530


Started GET "/assets/templates/map-878b8d4e5baceba74bedfc7359e91e8e.js?body=1" for 127.0.0.1 at 2015-03-26 16:24:08 +0530


Started GET "/assets/templates/packer_registration-7225237826809f1af62ee8cf3bd75e94.js?body=1" for 127.0.0.1 at 2015-03-26 16:24:08 +0530


Started GET "/assets/templates/registration-71961f09cd6b427f6e0493dda1a109e2.js?body=1" for 127.0.0.1 at 2015-03-26 16:24:08 +0530


Started GET "/assets/application-082eb8955ade2b1a7cf3cb212fc2a59a.js?body=1" for 127.0.0.1 at 2015-03-26 16:24:08 +0530


Started GET "/assets/bootstrap/dist/css/bootstrap.css" for 127.0.0.1 at 2015-03-26 16:24:08 +0530


Started GET "/assets/angular-pickadate/dist/angular-pickadate.css" for 127.0.0.1 at 2015-03-26 16:24:08 +0530


Started GET "/img/flags/de.png" for 127.0.0.1 at 2015-03-26 16:24:08 +0530

ActionController::RoutingError (No route matches [GET] "/img/flags/de.png"):
  actionpack (4.2.0) lib/action_dispatch/middleware/debug_exceptions.rb:21:in `call'
  web-console (2.1.0) lib/web_console/middleware.rb:37:in `call'
  actionpack (4.2.0) lib/action_dispatch/middleware/show_exceptions.rb:30:in `call'
  railties (4.2.0) lib/rails/rack/logger.rb:38:in `call_app'
  railties (4.2.0) lib/rails/rack/logger.rb:20:in `block in call'
  activesupport (4.2.0) lib/active_support/tagged_logging.rb:68:in `block in tagged'
  activesupport (4.2.0) lib/active_support/tagged_logging.rb:26:in `tagged'
  activesupport (4.2.0) lib/active_support/tagged_logging.rb:68:in `tagged'
  railties (4.2.0) lib/rails/rack/logger.rb:20:in `call'
  actionpack (4.2.0) lib/action_dispatch/middleware/request_id.rb:21:in `call'
  rack (1.6.0) lib/rack/methodoverride.rb:22:in `call'
  rack (1.6.0) lib/rack/runtime.rb:18:in `call'
  activesupport (4.2.0) lib/active_support/cache/strategy/local_cache_middleware.rb:28:in `call'
  rack (1.6.0) lib/rack/lock.rb:17:in `call'
  actionpack (4.2.0) lib/action_dispatch/middleware/static.rb:113:in `call'
  rack (1.6.0) lib/rack/sendfile.rb:113:in `call'
  railties (4.2.0) lib/rails/engine.rb:518:in `call'
  railties (4.2.0) lib/rails/application.rb:164:in `call'
  rack (1.6.0) lib/rack/lock.rb:17:in `call'
  rack (1.6.0) lib/rack/content_length.rb:15:in `call'
  rack (1.6.0) lib/rack/handler/webrick.rb:89:in `service'
  /home/justjuned/.rvm/rubies/ruby-2.1.5/lib/ruby/2.1.0/webrick/httpserver.rb:138:in `service'
  /home/justjuned/.rvm/rubies/ruby-2.1.5/lib/ruby/2.1.0/webrick/httpserver.rb:94:in `run'
  /home/justjuned/.rvm/rubies/ruby-2.1.5/lib/ruby/2.1.0/webrick/server.rb:295:in `block in start_thread'


  Rendered /home/justjuned/.rvm/gems/ruby-2.1.5/gems/actionpack-4.2.0/lib/action_dispatch/middleware/templates/rescues/_trace.html.erb (1.5ms)
  Rendered /home/justjuned/.rvm/gems/ruby-2.1.5/gems/actionpack-4.2.0/lib/action_dispatch/middleware/templates/routes/_route.html.erb (1.3ms)
  Rendered /home/justjuned/.rvm/gems/ruby-2.1.5/gems/actionpack-4.2.0/lib/action_dispatch/middleware/templates/routes/_table.html.erb (10.0ms)
  Rendered /home/justjuned/.rvm/gems/ruby-2.1.5/gems/actionpack-4.2.0/lib/action_dispatch/middleware/templates/rescues/_request_and_response.html.erb (1.8ms)
  Rendered /home/justjuned/.rvm/gems/ruby-2.1.5/gems/actionpack-4.2.0/lib/action_dispatch/middleware/templates/rescues/routing_error.html.erb within rescues/layout (40.5ms)
  Rendered /home/justjuned/.rvm/gems/ruby-2.1.5/gems/web-console-2.1.0/lib/web_console/templates/_markup.html (0.3ms)
  Rendered /home/justjuned/.rvm/gems/ruby-2.1.5/gems/web-console-2.1.0/lib/web_console/templates/style.css within layouts/inlined_string (0.3ms)
  Rendered /home/justjuned/.rvm/gems/ruby-2.1.5/gems/web-console-2.1.0/lib/web_console/templates/_inner_console_markup.html within layouts/inlined_string (0.4ms)
  Rendered /home/justjuned/.rvm/gems/ruby-2.1.5/gems/web-console-2.1.0/lib/web_console/templates/_prompt_box_markup.html within layouts/inlined_string (0.3ms)
  Rendered /home/justjuned/.rvm/gems/ruby-2.1.5/gems/web-console-2.1.0/lib/web_console/templates/console.js within layouts/javascript (14.7ms)
  Rendered /home/justjuned/.rvm/gems/ruby-2.1.5/gems/web-console-2.1.0/lib/web_console/templates/main.js within layouts/javascript (0.5ms)
  Rendered /home/justjuned/.rvm/gems/ruby-2.1.5/gems/web-console-2.1.0/lib/web_console/templates/error_page.js within layouts/javascript (0.4ms)
  Rendered /home/justjuned/.rvm/gems/ruby-2.1.5/gems/web-console-2.1.0/lib/web_console/templates/index.html (31.3ms)


Started GET "/assets/in.png" for 127.0.0.1 at 2015-03-26 16:24:08 +0530


Started GET "/img/flags/us.png" for 127.0.0.1 at 2015-03-26 16:24:08 +0530

ActionController::RoutingError (No route matches [GET] "/img/flags/us.png"):
  actionpack (4.2.0) lib/action_dispatch/middleware/debug_exceptions.rb:21:in `call'
  web-console (2.1.0) lib/web_console/middleware.rb:37:in `call'
  actionpack (4.2.0) lib/action_dispatch/middleware/show_exceptions.rb:30:in `call'
  railties (4.2.0) lib/rails/rack/logger.rb:38:in `call_app'
  railties (4.2.0) lib/rails/rack/logger.rb:20:in `block in call'
  activesupport (4.2.0) lib/active_support/tagged_logging.rb:68:in `block in tagged'
  activesupport (4.2.0) lib/active_support/tagged_logging.rb:26:in `tagged'
  activesupport (4.2.0) lib/active_support/tagged_logging.rb:68:in `tagged'
  railties (4.2.0) lib/rails/rack/logger.rb:20:in `call'
  actionpack (4.2.0) lib/action_dispatch/middleware/request_id.rb:21:in `call'
  rack (1.6.0) lib/rack/methodoverride.rb:22:in `call'
  rack (1.6.0) lib/rack/runtime.rb:18:in `call'
  activesupport (4.2.0) lib/active_support/cache/strategy/local_cache_middleware.rb:28:in `call'
  rack (1.6.0) lib/rack/lock.rb:17:in `call'
  actionpack (4.2.0) lib/action_dispatch/middleware/static.rb:113:in `call'
  rack (1.6.0) lib/rack/sendfile.rb:113:in `call'
  railties (4.2.0) lib/rails/engine.rb:518:in `call'
  railties (4.2.0) lib/rails/application.rb:164:in `call'
  rack (1.6.0) lib/rack/lock.rb:17:in `call'
  rack (1.6.0) lib/rack/content_length.rb:15:in `call'
  rack (1.6.0) lib/rack/handler/webrick.rb:89:in `service'
  /home/justjuned/.rvm/rubies/ruby-2.1.5/lib/ruby/2.1.0/webrick/httpserver.rb:138:in `service'
  /home/justjuned/.rvm/rubies/ruby-2.1.5/lib/ruby/2.1.0/webrick/httpserver.rb:94:in `run'
  /home/justjuned/.rvm/rubies/ruby-2.1.5/lib/ruby/2.1.0/webrick/server.rb:295:in `block in start_thread'


  Rendered /home/justjuned/.rvm/gems/ruby-2.1.5/gems/actionpack-4.2.0/lib/action_dispatch/middleware/templates/rescues/_trace.html.erb (1.7ms)
  Rendered /home/justjuned/.rvm/gems/ruby-2.1.5/gems/actionpack-4.2.0/lib/action_dispatch/middleware/templates/routes/_route.html.erb (0.7ms)
  Rendered /home/justjuned/.rvm/gems/ruby-2.1.5/gems/actionpack-4.2.0/lib/action_dispatch/middleware/templates/routes/_table.html.erb (1.5ms)
  Rendered /home/justjuned/.rvm/gems/ruby-2.1.5/gems/actionpack-4.2.0/lib/action_dispatch/middleware/templates/rescues/_request_and_response.html.erb (1.6ms)
  Rendered /home/justjuned/.rvm/gems/ruby-2.1.5/gems/actionpack-4.2.0/lib/action_dispatch/middleware/templates/rescues/routing_error.html.erb within rescues/layout (20.9ms)
  Rendered /home/justjuned/.rvm/gems/ruby-2.1.5/gems/web-console-2.1.0/lib/web_console/templates/_markup.html (0.4ms)
  Rendered /home/justjuned/.rvm/gems/ruby-2.1.5/gems/web-console-2.1.0/lib/web_console/templates/style.css within layouts/inlined_string (0.4ms)
  Rendered /home/justjuned/.rvm/gems/ruby-2.1.5/gems/web-console-2.1.0/lib/web_console/templates/_inner_console_markup.html within layouts/inlined_string (0.3ms)
  Rendered /home/justjuned/.rvm/gems/ruby-2.1.5/gems/web-console-2.1.0/lib/web_console/templates/_prompt_box_markup.html within layouts/inlined_string (0.3ms)
  Rendered /home/justjuned/.rvm/gems/ruby-2.1.5/gems/web-console-2.1.0/lib/web_console/templates/console.js within layouts/javascript (13.4ms)
  Rendered /home/justjuned/.rvm/gems/ruby-2.1.5/gems/web-console-2.1.0/lib/web_console/templates/main.js within layouts/javascript (0.3ms)
  Rendered /home/justjuned/.rvm/gems/ruby-2.1.5/gems/web-console-2.1.0/lib/web_console/templates/error_page.js within layouts/javascript (0.6ms)
  Rendered /home/justjuned/.rvm/gems/ruby-2.1.5/gems/web-console-2.1.0/lib/web_console/templates/index.html (29.2ms)


Started GET "/assets/B2M1.png" for 127.0.0.1 at 2015-03-26 16:24:09 +0530


Started GET "/img/flags/es.png" for 127.0.0.1 at 2015-03-26 16:24:09 +0530

ActionController::RoutingError (No route matches [GET] "/img/flags/es.png"):
  actionpack (4.2.0) lib/action_dispatch/middleware/debug_exceptions.rb:21:in `call'
  web-console (2.1.0) lib/web_console/middleware.rb:37:in `call'
  actionpack (4.2.0) lib/action_dispatch/middleware/show_exceptions.rb:30:in `call'
  railties (4.2.0) lib/rails/rack/logger.rb:38:in `call_app'
  railties (4.2.0) lib/rails/rack/logger.rb:20:in `block in call'
  activesupport (4.2.0) lib/active_support/tagged_logging.rb:68:in `block in tagged'
  activesupport (4.2.0) lib/active_support/tagged_logging.rb:26:in `tagged'
  activesupport (4.2.0) lib/active_support/tagged_logging.rb:68:in `tagged'
  railties (4.2.0) lib/rails/rack/logger.rb:20:in `call'
  actionpack (4.2.0) lib/action_dispatch/middleware/request_id.rb:21:in `call'
  rack (1.6.0) lib/rack/methodoverride.rb:22:in `call'
  rack (1.6.0) lib/rack/runtime.rb:18:in `call'
  activesupport (4.2.0) lib/active_support/cache/strategy/local_cache_middleware.rb:28:in `call'
  rack (1.6.0) lib/rack/lock.rb:17:in `call'
  actionpack (4.2.0) lib/action_dispatch/middleware/static.rb:113:in `call'
  rack (1.6.0) lib/rack/sendfile.rb:113:in `call'
  railties (4.2.0) lib/rails/engine.rb:518:in `call'
  railties (4.2.0) lib/rails/application.rb:164:in `call'
  rack (1.6.0) lib/rack/lock.rb:17:in `call'
  rack (1.6.0) lib/rack/content_length.rb:15:in `call'
  rack (1.6.0) lib/rack/handler/webrick.rb:89:in `service'
  /home/justjuned/.rvm/rubies/ruby-2.1.5/lib/ruby/2.1.0/webrick/httpserver.rb:138:in `service'
  /home/justjuned/.rvm/rubies/ruby-2.1.5/lib/ruby/2.1.0/webrick/httpserver.rb:94:in `run'
  /home/justjuned/.rvm/rubies/ruby-2.1.5/lib/ruby/2.1.0/webrick/server.rb:295:in `block in start_thread'


  Rendered /home/justjuned/.rvm/gems/ruby-2.1.5/gems/actionpack-4.2.0/lib/action_dispatch/middleware/templates/rescues/_trace.html.erb (1.6ms)
  Rendered /home/justjuned/.rvm/gems/ruby-2.1.5/gems/actionpack-4.2.0/lib/action_dispatch/middleware/templates/routes/_route.html.erb (0.7ms)
  Rendered /home/justjuned/.rvm/gems/ruby-2.1.5/gems/actionpack-4.2.0/lib/action_dispatch/middleware/templates/routes/_table.html.erb (1.4ms)
  Rendered /home/justjuned/.rvm/gems/ruby-2.1.5/gems/actionpack-4.2.0/lib/action_dispatch/middleware/templates/rescues/_request_and_response.html.erb (1.4ms)
  Rendered /home/justjuned/.rvm/gems/ruby-2.1.5/gems/actionpack-4.2.0/lib/action_dispatch/middleware/templates/rescues/routing_error.html.erb within rescues/layout (20.0ms)
  Rendered /home/justjuned/.rvm/gems/ruby-2.1.5/gems/web-console-2.1.0/lib/web_console/templates/_markup.html (0.3ms)
  Rendered /home/justjuned/.rvm/gems/ruby-2.1.5/gems/web-console-2.1.0/lib/web_console/templates/style.css within layouts/inlined_string (0.3ms)
  Rendered /home/justjuned/.rvm/gems/ruby-2.1.5/gems/web-console-2.1.0/lib/web_console/templates/_inner_console_markup.html within layouts/inlined_string (0.3ms)
  Rendered /home/justjuned/.rvm/gems/ruby-2.1.5/gems/web-console-2.1.0/lib/web_console/templates/_prompt_box_markup.html within layouts/inlined_string (0.3ms)
  Rendered /home/justjuned/.rvm/gems/ruby-2.1.5/gems/web-console-2.1.0/lib/web_console/templates/console.js within layouts/javascript (13.3ms)
  Rendered /home/justjuned/.rvm/gems/ruby-2.1.5/gems/web-console-2.1.0/lib/web_console/templates/main.js within layouts/javascript (0.3ms)
  Rendered /home/justjuned/.rvm/gems/ruby-2.1.5/gems/web-console-2.1.0/lib/web_console/templates/error_page.js within layouts/javascript (0.6ms)
  Rendered /home/justjuned/.rvm/gems/ruby-2.1.5/gems/web-console-2.1.0/lib/web_console/templates/index.html (30.5ms)


Started GET "/assets/angular-material/angular-material.css" for 127.0.0.1 at 2015-03-26 16:24:09 +0530


Started GET "/img/flags/us.png" for 127.0.0.1 at 2015-03-26 16:24:29 +0530

ActionController::RoutingError (No route matches [GET] "/img/flags/us.png"):
  actionpack (4.2.0) lib/action_dispatch/middleware/debug_exceptions.rb:21:in `call'
  web-console (2.1.0) lib/web_console/middleware.rb:37:in `call'
  actionpack (4.2.0) lib/action_dispatch/middleware/show_exceptions.rb:30:in `call'
  railties (4.2.0) lib/rails/rack/logger.rb:38:in `call_app'
  railties (4.2.0) lib/rails/rack/logger.rb:20:in `block in call'
  activesupport (4.2.0) lib/active_support/tagged_logging.rb:68:in `block in tagged'
  activesupport (4.2.0) lib/active_support/tagged_logging.rb:26:in `tagged'
  activesupport (4.2.0) lib/active_support/tagged_logging.rb:68:in `tagged'
  railties (4.2.0) lib/rails/rack/logger.rb:20:in `call'
  actionpack (4.2.0) lib/action_dispatch/middleware/request_id.rb:21:in `call'
  rack (1.6.0) lib/rack/methodoverride.rb:22:in `call'
  rack (1.6.0) lib/rack/runtime.rb:18:in `call'
  activesupport (4.2.0) lib/active_support/cache/strategy/local_cache_middleware.rb:28:in `call'
  rack (1.6.0) lib/rack/lock.rb:17:in `call'
  actionpack (4.2.0) lib/action_dispatch/middleware/static.rb:113:in `call'
  rack (1.6.0) lib/rack/sendfile.rb:113:in `call'
  railties (4.2.0) lib/rails/engine.rb:518:in `call'
  railties (4.2.0) lib/rails/application.rb:164:in `call'
  rack (1.6.0) lib/rack/lock.rb:17:in `call'
  rack (1.6.0) lib/rack/content_length.rb:15:in `call'
  rack (1.6.0) lib/rack/handler/webrick.rb:89:in `service'
  /home/justjuned/.rvm/rubies/ruby-2.1.5/lib/ruby/2.1.0/webrick/httpserver.rb:138:in `service'
  /home/justjuned/.rvm/rubies/ruby-2.1.5/lib/ruby/2.1.0/webrick/httpserver.rb:94:in `run'
  /home/justjuned/.rvm/rubies/ruby-2.1.5/lib/ruby/2.1.0/webrick/server.rb:295:in `block in start_thread'


  Rendered /home/justjuned/.rvm/gems/ruby-2.1.5/gems/actionpack-4.2.0/lib/action_dispatch/middleware/templates/rescues/_trace.html.erb (1.9ms)
  Rendered /home/justjuned/.rvm/gems/ruby-2.1.5/gems/actionpack-4.2.0/lib/action_dispatch/middleware/templates/routes/_route.html.erb (0.8ms)
  Rendered /home/justjuned/.rvm/gems/ruby-2.1.5/gems/actionpack-4.2.0/lib/action_dispatch/middleware/templates/routes/_table.html.erb (1.4ms)
  Rendered /home/justjuned/.rvm/gems/ruby-2.1.5/gems/actionpack-4.2.0/lib/action_dispatch/middleware/templates/rescues/_request_and_response.html.erb (1.9ms)
  Rendered /home/justjuned/.rvm/gems/ruby-2.1.5/gems/actionpack-4.2.0/lib/action_dispatch/middleware/templates/rescues/routing_error.html.erb within rescues/layout (22.4ms)
  Rendered /home/justjuned/.rvm/gems/ruby-2.1.5/gems/web-console-2.1.0/lib/web_console/templates/_markup.html (0.5ms)
  Rendered /home/justjuned/.rvm/gems/ruby-2.1.5/gems/web-console-2.1.0/lib/web_console/templates/style.css within layouts/inlined_string (0.7ms)
  Rendered /home/justjuned/.rvm/gems/ruby-2.1.5/gems/web-console-2.1.0/lib/web_console/templates/_inner_console_markup.html within layouts/inlined_string (0.7ms)
  Rendered /home/justjuned/.rvm/gems/ruby-2.1.5/gems/web-console-2.1.0/lib/web_console/templates/_prompt_box_markup.html within layouts/inlined_string (0.7ms)
  Rendered /home/justjuned/.rvm/gems/ruby-2.1.5/gems/web-console-2.1.0/lib/web_console/templates/console.js within layouts/javascript (21.6ms)
  Rendered /home/justjuned/.rvm/gems/ruby-2.1.5/gems/web-console-2.1.0/lib/web_console/templates/main.js within layouts/javascript (0.7ms)
  Rendered /home/justjuned/.rvm/gems/ruby-2.1.5/gems/web-console-2.1.0/lib/web_console/templates/error_page.js within layouts/javascript (0.9ms)
  Rendered /home/justjuned/.rvm/gems/ruby-2.1.5/gems/web-console-2.1.0/lib/web_console/templates/index.html (42.3ms)


Started GET "/img/flags/de.png" for 127.0.0.1 at 2015-03-26 16:24:29 +0530

ActionController::RoutingError (No route matches [GET] "/img/flags/de.png"):
  actionpack (4.2.0) lib/action_dispatch/middleware/debug_exceptions.rb:21:in `call'
  web-console (2.1.0) lib/web_console/middleware.rb:37:in `call'
  actionpack (4.2.0) lib/action_dispatch/middleware/show_exceptions.rb:30:in `call'
  railties (4.2.0) lib/rails/rack/logger.rb:38:in `call_app'
  railties (4.2.0) lib/rails/rack/logger.rb:20:in `block in call'
  activesupport (4.2.0) lib/active_support/tagged_logging.rb:68:in `block in tagged'
  activesupport (4.2.0) lib/active_support/tagged_logging.rb:26:in `tagged'
  activesupport (4.2.0) lib/active_support/tagged_logging.rb:68:in `tagged'
  railties (4.2.0) lib/rails/rack/logger.rb:20:in `call'
  actionpack (4.2.0) lib/action_dispatch/middleware/request_id.rb:21:in `call'
  rack (1.6.0) lib/rack/methodoverride.rb:22:in `call'
  rack (1.6.0) lib/rack/runtime.rb:18:in `call'
  activesupport (4.2.0) lib/active_support/cache/strategy/local_cache_middleware.rb:28:in `call'
  rack (1.6.0) lib/rack/lock.rb:17:in `call'
  actionpack (4.2.0) lib/action_dispatch/middleware/static.rb:113:in `call'
  rack (1.6.0) lib/rack/sendfile.rb:113:in `call'
  railties (4.2.0) lib/rails/engine.rb:518:in `call'
  railties (4.2.0) lib/rails/application.rb:164:in `call'
  rack (1.6.0) lib/rack/lock.rb:17:in `call'
  rack (1.6.0) lib/rack/content_length.rb:15:in `call'
  rack (1.6.0) lib/rack/handler/webrick.rb:89:in `service'
  /home/justjuned/.rvm/rubies/ruby-2.1.5/lib/ruby/2.1.0/webrick/httpserver.rb:138:in `service'
  /home/justjuned/.rvm/rubies/ruby-2.1.5/lib/ruby/2.1.0/webrick/httpserver.rb:94:in `run'
  /home/justjuned/.rvm/rubies/ruby-2.1.5/lib/ruby/2.1.0/webrick/server.rb:295:in `block in start_thread'


  Rendered /home/justjuned/.rvm/gems/ruby-2.1.5/gems/actionpack-4.2.0/lib/action_dispatch/middleware/templates/rescues/_trace.html.erb (2.6ms)
  Rendered /home/justjuned/.rvm/gems/ruby-2.1.5/gems/actionpack-4.2.0/lib/action_dispatch/middleware/templates/routes/_route.html.erb (1.2ms)
  Rendered /home/justjuned/.rvm/gems/ruby-2.1.5/gems/actionpack-4.2.0/lib/action_dispatch/middleware/templates/routes/_table.html.erb (2.2ms)
  Rendered /home/justjuned/.rvm/gems/ruby-2.1.5/gems/actionpack-4.2.0/lib/action_dispatch/middleware/templates/rescues/_request_and_response.html.erb (2.1ms)
  Rendered /home/justjuned/.rvm/gems/ruby-2.1.5/gems/actionpack-4.2.0/lib/action_dispatch/middleware/templates/rescues/routing_error.html.erb within rescues/layout (33.0ms)
  Rendered /home/justjuned/.rvm/gems/ruby-2.1.5/gems/web-console-2.1.0/lib/web_console/templates/_markup.html (0.5ms)
  Rendered /home/justjuned/.rvm/gems/ruby-2.1.5/gems/web-console-2.1.0/lib/web_console/templates/style.css within layouts/inlined_string (0.4ms)
  Rendered /home/justjuned/.rvm/gems/ruby-2.1.5/gems/web-console-2.1.0/lib/web_console/templates/_inner_console_markup.html within layouts/inlined_string (0.3ms)
  Rendered /home/justjuned/.rvm/gems/ruby-2.1.5/gems/web-console-2.1.0/lib/web_console/templates/_prompt_box_markup.html within layouts/inlined_string (0.4ms)
  Rendered /home/justjuned/.rvm/gems/ruby-2.1.5/gems/web-console-2.1.0/lib/web_console/templates/console.js within layouts/javascript (14.0ms)
  Rendered /home/justjuned/.rvm/gems/ruby-2.1.5/gems/web-console-2.1.0/lib/web_console/templates/main.js within layouts/javascript (0.3ms)
  Rendered /home/justjuned/.rvm/gems/ruby-2.1.5/gems/web-console-2.1.0/lib/web_console/templates/error_page.js within layouts/javascript (0.8ms)
  Rendered /home/justjuned/.rvm/gems/ruby-2.1.5/gems/web-console-2.1.0/lib/web_console/templates/index.html (31.1ms)


Started GET "/img/flags/es.png" for 127.0.0.1 at 2015-03-26 16:24:29 +0530

ActionController::RoutingError (No route matches [GET] "/img/flags/es.png"):
  actionpack (4.2.0) lib/action_dispatch/middleware/debug_exceptions.rb:21:in `call'
  web-console (2.1.0) lib/web_console/middleware.rb:37:in `call'
  actionpack (4.2.0) lib/action_dispatch/middleware/show_exceptions.rb:30:in `call'
  railties (4.2.0) lib/rails/rack/logger.rb:38:in `call_app'
  railties (4.2.0) lib/rails/rack/logger.rb:20:in `block in call'
  activesupport (4.2.0) lib/active_support/tagged_logging.rb:68:in `block in tagged'
  activesupport (4.2.0) lib/active_support/tagged_logging.rb:26:in `tagged'
  activesupport (4.2.0) lib/active_support/tagged_logging.rb:68:in `tagged'
  railties (4.2.0) lib/rails/rack/logger.rb:20:in `call'
  actionpack (4.2.0) lib/action_dispatch/middleware/request_id.rb:21:in `call'
  rack (1.6.0) lib/rack/methodoverride.rb:22:in `call'
  rack (1.6.0) lib/rack/runtime.rb:18:in `call'
  activesupport (4.2.0) lib/active_support/cache/strategy/local_cache_middleware.rb:28:in `call'
  rack (1.6.0) lib/rack/lock.rb:17:in `call'
  actionpack (4.2.0) lib/action_dispatch/middleware/static.rb:113:in `call'
  rack (1.6.0) lib/rack/sendfile.rb:113:in `call'
  railties (4.2.0) lib/rails/engine.rb:518:in `call'
  railties (4.2.0) lib/rails/application.rb:164:in `call'
  rack (1.6.0) lib/rack/lock.rb:17:in `call'
  rack (1.6.0) lib/rack/content_length.rb:15:in `call'
  rack (1.6.0) lib/rack/handler/webrick.rb:89:in `service'
  /home/justjuned/.rvm/rubies/ruby-2.1.5/lib/ruby/2.1.0/webrick/httpserver.rb:138:in `service'
  /home/justjuned/.rvm/rubies/ruby-2.1.5/lib/ruby/2.1.0/webrick/httpserver.rb:94:in `run'
  /home/justjuned/.rvm/rubies/ruby-2.1.5/lib/ruby/2.1.0/webrick/server.rb:295:in `block in start_thread'


  Rendered /home/justjuned/.rvm/gems/ruby-2.1.5/gems/actionpack-4.2.0/lib/action_dispatch/middleware/templates/rescues/_trace.html.erb (2.0ms)
  Rendered /home/justjuned/.rvm/gems/ruby-2.1.5/gems/actionpack-4.2.0/lib/action_dispatch/middleware/templates/routes/_route.html.erb (0.8ms)
  Rendered /home/justjuned/.rvm/gems/ruby-2.1.5/gems/actionpack-4.2.0/lib/action_dispatch/middleware/templates/routes/_table.html.erb (1.5ms)
  Rendered /home/justjuned/.rvm/gems/ruby-2.1.5/gems/actionpack-4.2.0/lib/action_dispatch/middleware/templates/rescues/_request_and_response.html.erb (1.3ms)
  Rendered /home/justjuned/.rvm/gems/ruby-2.1.5/gems/actionpack-4.2.0/lib/action_dispatch/middleware/templates/rescues/routing_error.html.erb within rescues/layout (20.6ms)
  Rendered /home/justjuned/.rvm/gems/ruby-2.1.5/gems/web-console-2.1.0/lib/web_console/templates/_markup.html (0.3ms)
  Rendered /home/justjuned/.rvm/gems/ruby-2.1.5/gems/web-console-2.1.0/lib/web_console/templates/style.css within layouts/inlined_string (0.3ms)
  Rendered /home/justjuned/.rvm/gems/ruby-2.1.5/gems/web-console-2.1.0/lib/web_console/templates/_inner_console_markup.html within layouts/inlined_string (0.5ms)
  Rendered /home/justjuned/.rvm/gems/ruby-2.1.5/gems/web-console-2.1.0/lib/web_console/templates/_prompt_box_markup.html within layouts/inlined_string (0.3ms)
  Rendered /home/justjuned/.rvm/gems/ruby-2.1.5/gems/web-console-2.1.0/lib/web_console/templates/console.js within layouts/javascript (14.2ms)
  Rendered /home/justjuned/.rvm/gems/ruby-2.1.5/gems/web-console-2.1.0/lib/web_console/templates/main.js within layouts/javascript (0.3ms)
  Rendered /home/justjuned/.rvm/gems/ruby-2.1.5/gems/web-console-2.1.0/lib/web_console/templates/error_page.js within layouts/javascript (0.4ms)
  Rendered /home/justjuned/.rvm/gems/ruby-2.1.5/gems/web-console-2.1.0/lib/web_console/templates/index.html (28.7ms)


Started GET "/assets/pattern2.png" for 127.0.0.1 at 2015-03-26 16:24:29 +0530


Started GET "/" for 127.0.0.1 at 2015-03-26 16:24:36 +0530
Processing by HomeController#index as HTML
  Rendered home/index.html.erb within layouts/application (0.1ms)
Completed 200 OK in 168ms (Views: 167.9ms | ActiveRecord: 0.0ms)


Started GET "/img/flags/us.png" for 127.0.0.1 at 2015-03-26 16:24:37 +0530

ActionController::RoutingError (No route matches [GET] "/img/flags/us.png"):
  actionpack (4.2.0) lib/action_dispatch/middleware/debug_exceptions.rb:21:in `call'
  web-console (2.1.0) lib/web_console/middleware.rb:37:in `call'
  actionpack (4.2.0) lib/action_dispatch/middleware/show_exceptions.rb:30:in `call'
  railties (4.2.0) lib/rails/rack/logger.rb:38:in `call_app'
  railties (4.2.0) lib/rails/rack/logger.rb:20:in `block in call'
  activesupport (4.2.0) lib/active_support/tagged_logging.rb:68:in `block in tagged'
  activesupport (4.2.0) lib/active_support/tagged_logging.rb:26:in `tagged'
  activesupport (4.2.0) lib/active_support/tagged_logging.rb:68:in `tagged'
  railties (4.2.0) lib/rails/rack/logger.rb:20:in `call'
  actionpack (4.2.0) lib/action_dispatch/middleware/request_id.rb:21:in `call'
  rack (1.6.0) lib/rack/methodoverride.rb:22:in `call'
  rack (1.6.0) lib/rack/runtime.rb:18:in `call'
  activesupport (4.2.0) lib/active_support/cache/strategy/local_cache_middleware.rb:28:in `call'
  rack (1.6.0) lib/rack/lock.rb:17:in `call'
  actionpack (4.2.0) lib/action_dispatch/middleware/static.rb:113:in `call'
  rack (1.6.0) lib/rack/sendfile.rb:113:in `call'
  railties (4.2.0) lib/rails/engine.rb:518:in `call'
  railties (4.2.0) lib/rails/application.rb:164:in `call'
  rack (1.6.0) lib/rack/lock.rb:17:in `call'
  rack (1.6.0) lib/rack/content_length.rb:15:in `call'
  rack (1.6.0) lib/rack/handler/webrick.rb:89:in `service'
  /home/justjuned/.rvm/rubies/ruby-2.1.5/lib/ruby/2.1.0/webrick/httpserver.rb:138:in `service'
  /home/justjuned/.rvm/rubies/ruby-2.1.5/lib/ruby/2.1.0/webrick/httpserver.rb:94:in `run'
  /home/justjuned/.rvm/rubies/ruby-2.1.5/lib/ruby/2.1.0/webrick/server.rb:295:in `block in start_thread'


  Rendered /home/justjuned/.rvm/gems/ruby-2.1.5/gems/actionpack-4.2.0/lib/action_dispatch/middleware/templates/rescues/_trace.html.erb (1.5ms)
  Rendered /home/justjuned/.rvm/gems/ruby-2.1.5/gems/actionpack-4.2.0/lib/action_dispatch/middleware/templates/routes/_route.html.erb (0.8ms)
  Rendered /home/justjuned/.rvm/gems/ruby-2.1.5/gems/actionpack-4.2.0/lib/action_dispatch/middleware/templates/routes/_table.html.erb (1.4ms)
  Rendered /home/justjuned/.rvm/gems/ruby-2.1.5/gems/actionpack-4.2.0/lib/action_dispatch/middleware/templates/rescues/_request_and_response.html.erb (1.6ms)
  Rendered /home/justjuned/.rvm/gems/ruby-2.1.5/gems/actionpack-4.2.0/lib/action_dispatch/middleware/templates/rescues/routing_error.html.erb within rescues/layout (20.5ms)
  Rendered /home/justjuned/.rvm/gems/ruby-2.1.5/gems/web-console-2.1.0/lib/web_console/templates/_markup.html (0.4ms)
  Rendered /home/justjuned/.rvm/gems/ruby-2.1.5/gems/web-console-2.1.0/lib/web_console/templates/style.css within layouts/inlined_string (0.4ms)
  Rendered /home/justjuned/.rvm/gems/ruby-2.1.5/gems/web-console-2.1.0/lib/web_console/templates/_inner_console_markup.html within layouts/inlined_string (0.4ms)
  Rendered /home/justjuned/.rvm/gems/ruby-2.1.5/gems/web-console-2.1.0/lib/web_console/templates/_prompt_box_markup.html within layouts/inlined_string (0.3ms)
  Rendered /home/justjuned/.rvm/gems/ruby-2.1.5/gems/web-console-2.1.0/lib/web_console/templates/console.js within layouts/javascript (13.5ms)
  Rendered /home/justjuned/.rvm/gems/ruby-2.1.5/gems/web-console-2.1.0/lib/web_console/templates/main.js within layouts/javascript (0.4ms)
  Rendered /home/justjuned/.rvm/gems/ruby-2.1.5/gems/web-console-2.1.0/lib/web_console/templates/error_page.js within layouts/javascript (0.6ms)
  Rendered /home/justjuned/.rvm/gems/ruby-2.1.5/gems/web-console-2.1.0/lib/web_console/templates/index.html (29.7ms)


Started GET "/img/flags/de.png" for 127.0.0.1 at 2015-03-26 16:24:37 +0530

ActionController::RoutingError (No route matches [GET] "/img/flags/de.png"):
  actionpack (4.2.0) lib/action_dispatch/middleware/debug_exceptions.rb:21:in `call'
  web-console (2.1.0) lib/web_console/middleware.rb:37:in `call'
  actionpack (4.2.0) lib/action_dispatch/middleware/show_exceptions.rb:30:in `call'
  railties (4.2.0) lib/rails/rack/logger.rb:38:in `call_app'
  railties (4.2.0) lib/rails/rack/logger.rb:20:in `block in call'
  activesupport (4.2.0) lib/active_support/tagged_logging.rb:68:in `block in tagged'
  activesupport (4.2.0) lib/active_support/tagged_logging.rb:26:in `tagged'
  activesupport (4.2.0) lib/active_support/tagged_logging.rb:68:in `tagged'
  railties (4.2.0) lib/rails/rack/logger.rb:20:in `call'
  actionpack (4.2.0) lib/action_dispatch/middleware/request_id.rb:21:in `call'
  rack (1.6.0) lib/rack/methodoverride.rb:22:in `call'
  rack (1.6.0) lib/rack/runtime.rb:18:in `call'
  activesupport (4.2.0) lib/active_support/cache/strategy/local_cache_middleware.rb:28:in `call'
  rack (1.6.0) lib/rack/lock.rb:17:in `call'
  actionpack (4.2.0) lib/action_dispatch/middleware/static.rb:113:in `call'
  rack (1.6.0) lib/rack/sendfile.rb:113:in `call'
  railties (4.2.0) lib/rails/engine.rb:518:in `call'
  railties (4.2.0) lib/rails/application.rb:164:in `call'
  rack (1.6.0) lib/rack/lock.rb:17:in `call'
  rack (1.6.0) lib/rack/content_length.rb:15:in `call'
  rack (1.6.0) lib/rack/handler/webrick.rb:89:in `service'
  /home/justjuned/.rvm/rubies/ruby-2.1.5/lib/ruby/2.1.0/webrick/httpserver.rb:138:in `service'
  /home/justjuned/.rvm/rubies/ruby-2.1.5/lib/ruby/2.1.0/webrick/httpserver.rb:94:in `run'
  /home/justjuned/.rvm/rubies/ruby-2.1.5/lib/ruby/2.1.0/webrick/server.rb:295:in `block in start_thread'


  Rendered /home/justjuned/.rvm/gems/ruby-2.1.5/gems/actionpack-4.2.0/lib/action_dispatch/middleware/templates/rescues/_trace.html.erb (1.5ms)
  Rendered /home/justjuned/.rvm/gems/ruby-2.1.5/gems/actionpack-4.2.0/lib/action_dispatch/middleware/templates/routes/_route.html.erb (0.7ms)
  Rendered /home/justjuned/.rvm/gems/ruby-2.1.5/gems/actionpack-4.2.0/lib/action_dispatch/middleware/templates/routes/_table.html.erb (1.5ms)
  Rendered /home/justjuned/.rvm/gems/ruby-2.1.5/gems/actionpack-4.2.0/lib/action_dispatch/middleware/templates/rescues/_request_and_response.html.erb (1.5ms)
  Rendered /home/justjuned/.rvm/gems/ruby-2.1.5/gems/actionpack-4.2.0/lib/action_dispatch/middleware/templates/rescues/routing_error.html.erb within rescues/layout (25.2ms)
  Rendered /home/justjuned/.rvm/gems/ruby-2.1.5/gems/web-console-2.1.0/lib/web_console/templates/_markup.html (0.6ms)
  Rendered /home/justjuned/.rvm/gems/ruby-2.1.5/gems/web-console-2.1.0/lib/web_console/templates/style.css within layouts/inlined_string (0.4ms)
  Rendered /home/justjuned/.rvm/gems/ruby-2.1.5/gems/web-console-2.1.0/lib/web_console/templates/_inner_console_markup.html within layouts/inlined_string (0.3ms)
  Rendered /home/justjuned/.rvm/gems/ruby-2.1.5/gems/web-console-2.1.0/lib/web_console/templates/_prompt_box_markup.html within layouts/inlined_string (0.4ms)
  Rendered /home/justjuned/.rvm/gems/ruby-2.1.5/gems/web-console-2.1.0/lib/web_console/templates/console.js within layouts/javascript (13.3ms)
  Rendered /home/justjuned/.rvm/gems/ruby-2.1.5/gems/web-console-2.1.0/lib/web_console/templates/main.js within layouts/javascript (0.3ms)
  Rendered /home/justjuned/.rvm/gems/ruby-2.1.5/gems/web-console-2.1.0/lib/web_console/templates/error_page.js within layouts/javascript (0.4ms)
  Rendered /home/justjuned/.rvm/gems/ruby-2.1.5/gems/web-console-2.1.0/lib/web_console/templates/index.html (30.5ms)


Started GET "/assets/application-5be16d77ffbe4fe559d8ed2e4c9b0124.css?body=1" for 127.0.0.1 at 2015-03-26 16:24:37 +0530


Started GET "/assets/home-e986f9631ac9daafb09ad200f91b7352.css?body=1" for 127.0.0.1 at 2015-03-26 16:24:37 +0530


Started GET "/img/flags/es.png" for 127.0.0.1 at 2015-03-26 16:24:37 +0530

ActionController::RoutingError (No route matches [GET] "/img/flags/es.png"):
  actionpack (4.2.0) lib/action_dispatch/middleware/debug_exceptions.rb:21:in `call'
  web-console (2.1.0) lib/web_console/middleware.rb:37:in `call'
  actionpack (4.2.0) lib/action_dispatch/middleware/show_exceptions.rb:30:in `call'
  railties (4.2.0) lib/rails/rack/logger.rb:38:in `call_app'
  railties (4.2.0) lib/rails/rack/logger.rb:20:in `block in call'
  activesupport (4.2.0) lib/active_support/tagged_logging.rb:68:in `block in tagged'
  activesupport (4.2.0) lib/active_support/tagged_logging.rb:26:in `tagged'
  activesupport (4.2.0) lib/active_support/tagged_logging.rb:68:in `tagged'
  railties (4.2.0) lib/rails/rack/logger.rb:20:in `call'
  actionpack (4.2.0) lib/action_dispatch/middleware/request_id.rb:21:in `call'
  rack (1.6.0) lib/rack/methodoverride.rb:22:in `call'
  rack (1.6.0) lib/rack/runtime.rb:18:in `call'
  activesupport (4.2.0) lib/active_support/cache/strategy/local_cache_middleware.rb:28:in `call'
  rack (1.6.0) lib/rack/lock.rb:17:in `call'
  actionpack (4.2.0) lib/action_dispatch/middleware/static.rb:113:in `call'
  rack (1.6.0) lib/rack/sendfile.rb:113:in `call'
  railties (4.2.0) lib/rails/engine.rb:518:in `call'
  railties (4.2.0) lib/rails/application.rb:164:in `call'
  rack (1.6.0) lib/rack/lock.rb:17:in `call'
  rack (1.6.0) lib/rack/content_length.rb:15:in `call'
  rack (1.6.0) lib/rack/handler/webrick.rb:89:in `service'
  /home/justjuned/.rvm/rubies/ruby-2.1.5/lib/ruby/2.1.0/webrick/httpserver.rb:138:in `service'
  /home/justjuned/.rvm/rubies/ruby-2.1.5/lib/ruby/2.1.0/webrick/httpserver.rb:94:in `run'
  /home/justjuned/.rvm/rubies/ruby-2.1.5/lib/ruby/2.1.0/webrick/server.rb:295:in `block in start_thread'


  Rendered /home/justjuned/.rvm/gems/ruby-2.1.5/gems/actionpack-4.2.0/lib/action_dispatch/middleware/templates/rescues/_trace.html.erb (1.5ms)
  Rendered /home/justjuned/.rvm/gems/ruby-2.1.5/gems/actionpack-4.2.0/lib/action_dispatch/middleware/templates/routes/_route.html.erb (0.7ms)
  Rendered /home/justjuned/.rvm/gems/ruby-2.1.5/gems/actionpack-4.2.0/lib/action_dispatch/middleware/templates/routes/_table.html.erb (1.4ms)
  Rendered /home/justjuned/.rvm/gems/ruby-2.1.5/gems/actionpack-4.2.0/lib/action_dispatch/middleware/templates/rescues/_request_and_response.html.erb (1.4ms)
  Rendered /home/justjuned/.rvm/gems/ruby-2.1.5/gems/actionpack-4.2.0/lib/action_dispatch/middleware/templates/rescues/routing_error.html.erb within rescues/layout (19.9ms)
  Rendered /home/justjuned/.rvm/gems/ruby-2.1.5/gems/web-console-2.1.0/lib/web_console/templates/_markup.html (0.7ms)
  Rendered /home/justjuned/.rvm/gems/ruby-2.1.5/gems/web-console-2.1.0/lib/web_console/templates/style.css within layouts/inlined_string (0.4ms)
  Rendered /home/justjuned/.rvm/gems/ruby-2.1.5/gems/web-console-2.1.0/lib/web_console/templates/_inner_console_markup.html within layouts/inlined_string (0.3ms)
  Rendered /home/justjuned/.rvm/gems/ruby-2.1.5/gems/web-console-2.1.0/lib/web_console/templates/_prompt_box_markup.html within layouts/inlined_string (0.4ms)
  Rendered /home/justjuned/.rvm/gems/ruby-2.1.5/gems/web-console-2.1.0/lib/web_console/templates/console.js within layouts/javascript (13.8ms)
  Rendered /home/justjuned/.rvm/gems/ruby-2.1.5/gems/web-console-2.1.0/lib/web_console/templates/main.js within layouts/javascript (0.3ms)
  Rendered /home/justjuned/.rvm/gems/ruby-2.1.5/gems/web-console-2.1.0/lib/web_console/templates/error_page.js within layouts/javascript (0.4ms)
  Rendered /home/justjuned/.rvm/gems/ruby-2.1.5/gems/web-console-2.1.0/lib/web_console/templates/index.html (29.5ms)


Started GET "/assets/font-awesome-6c89c596217bb81c443bbc1bb46499d7.css?body=1" for 127.0.0.1 at 2015-03-26 16:24:37 +0530


Started GET "/assets/jquery-9d751bd21c4864f65bfbd8f54a1de10c.js?body=1" for 127.0.0.1 at 2015-03-26 16:24:37 +0530


Started GET "/assets/jquery_ujs-b6180cd5656412d5eba8ffc0fdd2bf4a.js?body=1" for 127.0.0.1 at 2015-03-26 16:24:37 +0530


Started GET "/assets/angular/angular-37db9220596c1f1a1bc77b8681c0e778.js?body=1" for 127.0.0.1 at 2015-03-26 16:24:37 +0530


Started GET "/assets/angular-route/angular-route-bca3206715b918723ca27bff6d4cfe84.js?body=1" for 127.0.0.1 at 2015-03-26 16:24:37 +0530


Started GET "/assets/angular-rails-templates-c9e94de22520f11aa00564c9a904ef73.js?body=1" for 127.0.0.1 at 2015-03-26 16:24:37 +0530


Started GET "/assets/angular-material/angular-material-c40b62d9c68fea3e2f3ad60bbd2a63ca.js?body=1" for 127.0.0.1 at 2015-03-26 16:24:37 +0530


Started GET "/assets/angular-animate/angular-animate-4a761384bc7cebf73d8c4450a308220d.js?body=1" for 127.0.0.1 at 2015-03-26 16:24:37 +0530


Started GET "/assets/angular-aria/angular-aria-1aa231b7ad0390d4eeb18c3628e0a52f.js?body=1" for 127.0.0.1 at 2015-03-26 16:24:37 +0530


Started GET "/assets/angular-ui-date/src/date-538586d09a15e80802c54920483c37ee.js?body=1" for 127.0.0.1 at 2015-03-26 16:24:37 +0530


Started GET "/assets/jquery-ui/jquery-ui-812a25253b3dbe2fffefe5d093fa18bc.js?body=1" for 127.0.0.1 at 2015-03-26 16:24:37 +0530


Started GET "/assets/angular-ui-map/ui-map-c9cc7eda59d3eb9349761624ebc51e1c.js?body=1" for 127.0.0.1 at 2015-03-26 16:24:37 +0530


Started GET "/assets/angular-pickadate/dist/angular-pickadate-24914355f94d78236c8c2e10bd62583f.js?body=1" for 127.0.0.1 at 2015-03-26 16:24:37 +0530


Started GET "/assets/angular-messages/angular-messages-c107102a3e3631ee57fa5e5afa5204cb.js?body=1" for 127.0.0.1 at 2015-03-26 16:24:37 +0530


Started GET "/assets/app-d9d0b1fe97bde666a0eba3b4d5872b57.js?body=1" for 127.0.0.1 at 2015-03-26 16:24:37 +0530


Started GET "/assets/home-6c18af08ae3fb4da41659d8a3910a101.js?body=1" for 127.0.0.1 at 2015-03-26 16:24:37 +0530


Started GET "/assets/ngAutocomplete-02ba5072eb2fee31648653d5979dcd18.js?body=1" for 127.0.0.1 at 2015-03-26 16:24:37 +0530


Started GET "/assets/templates/index-28fea2b2c5bfdbeb452a8f0c0f3e6e05.js?body=1" for 127.0.0.1 at 2015-03-26 16:24:37 +0530


Started GET "/assets/templates/map-878b8d4e5baceba74bedfc7359e91e8e.js?body=1" for 127.0.0.1 at 2015-03-26 16:24:37 +0530


Started GET "/assets/templates/packer_registration-7225237826809f1af62ee8cf3bd75e94.js?body=1" for 127.0.0.1 at 2015-03-26 16:24:37 +0530


Started GET "/assets/templates/registration-71961f09cd6b427f6e0493dda1a109e2.js?body=1" for 127.0.0.1 at 2015-03-26 16:24:37 +0530


Started GET "/assets/angular-material/angular-material.css" for 127.0.0.1 at 2015-03-26 16:24:37 +0530


Started GET "/assets/application-082eb8955ade2b1a7cf3cb212fc2a59a.js?body=1" for 127.0.0.1 at 2015-03-26 16:24:37 +0530


Started GET "/assets/angular-pickadate/dist/angular-pickadate.css" for 127.0.0.1 at 2015-03-26 16:24:37 +0530


Started GET "/assets/bootstrap/dist/css/bootstrap.css" for 127.0.0.1 at 2015-03-26 16:24:37 +0530


Started GET "/img/flags/us.png" for 127.0.0.1 at 2015-03-26 16:24:38 +0530

ActionController::RoutingError (No route matches [GET] "/img/flags/us.png"):
  actionpack (4.2.0) lib/action_dispatch/middleware/debug_exceptions.rb:21:in `call'
  web-console (2.1.0) lib/web_console/middleware.rb:37:in `call'
  actionpack (4.2.0) lib/action_dispatch/middleware/show_exceptions.rb:30:in `call'
  railties (4.2.0) lib/rails/rack/logger.rb:38:in `call_app'
  railties (4.2.0) lib/rails/rack/logger.rb:20:in `block in call'
  activesupport (4.2.0) lib/active_support/tagged_logging.rb:68:in `block in tagged'
  activesupport (4.2.0) lib/active_support/tagged_logging.rb:26:in `tagged'
  activesupport (4.2.0) lib/active_support/tagged_logging.rb:68:in `tagged'
  railties (4.2.0) lib/rails/rack/logger.rb:20:in `call'
  actionpack (4.2.0) lib/action_dispatch/middleware/request_id.rb:21:in `call'
  rack (1.6.0) lib/rack/methodoverride.rb:22:in `call'
  rack (1.6.0) lib/rack/runtime.rb:18:in `call'
  activesupport (4.2.0) lib/active_support/cache/strategy/local_cache_middleware.rb:28:in `call'
  rack (1.6.0) lib/rack/lock.rb:17:in `call'
  actionpack (4.2.0) lib/action_dispatch/middleware/static.rb:113:in `call'
  rack (1.6.0) lib/rack/sendfile.rb:113:in `call'
  railties (4.2.0) lib/rails/engine.rb:518:in `call'
  railties (4.2.0) lib/rails/application.rb:164:in `call'
  rack (1.6.0) lib/rack/lock.rb:17:in `call'
  rack (1.6.0) lib/rack/content_length.rb:15:in `call'
  rack (1.6.0) lib/rack/handler/webrick.rb:89:in `service'
  /home/justjuned/.rvm/rubies/ruby-2.1.5/lib/ruby/2.1.0/webrick/httpserver.rb:138:in `service'
  /home/justjuned/.rvm/rubies/ruby-2.1.5/lib/ruby/2.1.0/webrick/httpserver.rb:94:in `run'
  /home/justjuned/.rvm/rubies/ruby-2.1.5/lib/ruby/2.1.0/webrick/server.rb:295:in `block in start_thread'


  Rendered /home/justjuned/.rvm/gems/ruby-2.1.5/gems/actionpack-4.2.0/lib/action_dispatch/middleware/templates/rescues/_trace.html.erb (2.2ms)
  Rendered /home/justjuned/.rvm/gems/ruby-2.1.5/gems/actionpack-4.2.0/lib/action_dispatch/middleware/templates/routes/_route.html.erb (1.1ms)
  Rendered /home/justjuned/.rvm/gems/ruby-2.1.5/gems/actionpack-4.2.0/lib/action_dispatch/middleware/templates/routes/_table.html.erb (1.6ms)
  Rendered /home/justjuned/.rvm/gems/ruby-2.1.5/gems/actionpack-4.2.0/lib/action_dispatch/middleware/templates/rescues/_request_and_response.html.erb (1.7ms)
  Rendered /home/justjuned/.rvm/gems/ruby-2.1.5/gems/actionpack-4.2.0/lib/action_dispatch/middleware/templates/rescues/routing_error.html.erb within rescues/layout (27.4ms)
  Rendered /home/justjuned/.rvm/gems/ruby-2.1.5/gems/web-console-2.1.0/lib/web_console/templates/_markup.html (0.5ms)
  Rendered /home/justjuned/.rvm/gems/ruby-2.1.5/gems/web-console-2.1.0/lib/web_console/templates/style.css within layouts/inlined_string (0.4ms)
  Rendered /home/justjuned/.rvm/gems/ruby-2.1.5/gems/web-console-2.1.0/lib/web_console/templates/_inner_console_markup.html within layouts/inlined_string (0.4ms)
  Rendered /home/justjuned/.rvm/gems/ruby-2.1.5/gems/web-console-2.1.0/lib/web_console/templates/_prompt_box_markup.html within layouts/inlined_string (0.3ms)
  Rendered /home/justjuned/.rvm/gems/ruby-2.1.5/gems/web-console-2.1.0/lib/web_console/templates/console.js within layouts/javascript (16.0ms)
  Rendered /home/justjuned/.rvm/gems/ruby-2.1.5/gems/web-console-2.1.0/lib/web_console/templates/main.js within layouts/javascript (0.3ms)
  Rendered /home/justjuned/.rvm/gems/ruby-2.1.5/gems/web-console-2.1.0/lib/web_console/templates/error_page.js within layouts/javascript (0.6ms)
  Rendered /home/justjuned/.rvm/gems/ruby-2.1.5/gems/web-console-2.1.0/lib/web_console/templates/index.html (33.0ms)


Started GET "/img/flags/de.png" for 127.0.0.1 at 2015-03-26 16:24:38 +0530

ActionController::RoutingError (No route matches [GET] "/img/flags/de.png"):
  actionpack (4.2.0) lib/action_dispatch/middleware/debug_exceptions.rb:21:in `call'
  web-console (2.1.0) lib/web_console/middleware.rb:37:in `call'
  actionpack (4.2.0) lib/action_dispatch/middleware/show_exceptions.rb:30:in `call'
  railties (4.2.0) lib/rails/rack/logger.rb:38:in `call_app'
  railties (4.2.0) lib/rails/rack/logger.rb:20:in `block in call'
  activesupport (4.2.0) lib/active_support/tagged_logging.rb:68:in `block in tagged'
  activesupport (4.2.0) lib/active_support/tagged_logging.rb:26:in `tagged'
  activesupport (4.2.0) lib/active_support/tagged_logging.rb:68:in `tagged'
  railties (4.2.0) lib/rails/rack/logger.rb:20:in `call'
  actionpack (4.2.0) lib/action_dispatch/middleware/request_id.rb:21:in `call'
  rack (1.6.0) lib/rack/methodoverride.rb:22:in `call'
  rack (1.6.0) lib/rack/runtime.rb:18:in `call'
  activesupport (4.2.0) lib/active_support/cache/strategy/local_cache_middleware.rb:28:in `call'
  rack (1.6.0) lib/rack/lock.rb:17:in `call'
  actionpack (4.2.0) lib/action_dispatch/middleware/static.rb:113:in `call'
  rack (1.6.0) lib/rack/sendfile.rb:113:in `call'
  railties (4.2.0) lib/rails/engine.rb:518:in `call'
  railties (4.2.0) lib/rails/application.rb:164:in `call'
  rack (1.6.0) lib/rack/lock.rb:17:in `call'
  rack (1.6.0) lib/rack/content_length.rb:15:in `call'
  rack (1.6.0) lib/rack/handler/webrick.rb:89:in `service'
  /home/justjuned/.rvm/rubies/ruby-2.1.5/lib/ruby/2.1.0/webrick/httpserver.rb:138:in `service'
  /home/justjuned/.rvm/rubies/ruby-2.1.5/lib/ruby/2.1.0/webrick/httpserver.rb:94:in `run'
  /home/justjuned/.rvm/rubies/ruby-2.1.5/lib/ruby/2.1.0/webrick/server.rb:295:in `block in start_thread'


  Rendered /home/justjuned/.rvm/gems/ruby-2.1.5/gems/actionpack-4.2.0/lib/action_dispatch/middleware/templates/rescues/_trace.html.erb (2.1ms)
  Rendered /home/justjuned/.rvm/gems/ruby-2.1.5/gems/actionpack-4.2.0/lib/action_dispatch/middleware/templates/routes/_route.html.erb (0.8ms)
  Rendered /home/justjuned/.rvm/gems/ruby-2.1.5/gems/actionpack-4.2.0/lib/action_dispatch/middleware/templates/routes/_table.html.erb (8.8ms)
  Rendered /home/justjuned/.rvm/gems/ruby-2.1.5/gems/actionpack-4.2.0/lib/action_dispatch/middleware/templates/rescues/_request_and_response.html.erb (1.7ms)
  Rendered /home/justjuned/.rvm/gems/ruby-2.1.5/gems/actionpack-4.2.0/lib/action_dispatch/middleware/templates/rescues/routing_error.html.erb within rescues/layout (29.3ms)
  Rendered /home/justjuned/.rvm/gems/ruby-2.1.5/gems/web-console-2.1.0/lib/web_console/templates/_markup.html (0.4ms)
  Rendered /home/justjuned/.rvm/gems/ruby-2.1.5/gems/web-console-2.1.0/lib/web_console/templates/style.css within layouts/inlined_string (0.3ms)
  Rendered /home/justjuned/.rvm/gems/ruby-2.1.5/gems/web-console-2.1.0/lib/web_console/templates/_inner_console_markup.html within layouts/inlined_string (0.3ms)
  Rendered /home/justjuned/.rvm/gems/ruby-2.1.5/gems/web-console-2.1.0/lib/web_console/templates/_prompt_box_markup.html within layouts/inlined_string (0.3ms)
  Rendered /home/justjuned/.rvm/gems/ruby-2.1.5/gems/web-console-2.1.0/lib/web_console/templates/console.js within layouts/javascript (13.2ms)
  Rendered /home/justjuned/.rvm/gems/ruby-2.1.5/gems/web-console-2.1.0/lib/web_console/templates/main.js within layouts/javascript (0.4ms)
  Rendered /home/justjuned/.rvm/gems/ruby-2.1.5/gems/web-console-2.1.0/lib/web_console/templates/error_page.js within layouts/javascript (0.5ms)
  Rendered /home/justjuned/.rvm/gems/ruby-2.1.5/gems/web-console-2.1.0/lib/web_console/templates/index.html (28.7ms)


Started GET "/img/flags/es.png" for 127.0.0.1 at 2015-03-26 16:24:38 +0530

ActionController::RoutingError (No route matches [GET] "/img/flags/es.png"):
  actionpack (4.2.0) lib/action_dispatch/middleware/debug_exceptions.rb:21:in `call'
  web-console (2.1.0) lib/web_console/middleware.rb:37:in `call'
  actionpack (4.2.0) lib/action_dispatch/middleware/show_exceptions.rb:30:in `call'
  railties (4.2.0) lib/rails/rack/logger.rb:38:in `call_app'
  railties (4.2.0) lib/rails/rack/logger.rb:20:in `block in call'
  activesupport (4.2.0) lib/active_support/tagged_logging.rb:68:in `block in tagged'
  activesupport (4.2.0) lib/active_support/tagged_logging.rb:26:in `tagged'
  activesupport (4.2.0) lib/active_support/tagged_logging.rb:68:in `tagged'
  railties (4.2.0) lib/rails/rack/logger.rb:20:in `call'
  actionpack (4.2.0) lib/action_dispatch/middleware/request_id.rb:21:in `call'
  rack (1.6.0) lib/rack/methodoverride.rb:22:in `call'
  rack (1.6.0) lib/rack/runtime.rb:18:in `call'
  activesupport (4.2.0) lib/active_support/cache/strategy/local_cache_middleware.rb:28:in `call'
  rack (1.6.0) lib/rack/lock.rb:17:in `call'
  actionpack (4.2.0) lib/action_dispatch/middleware/static.rb:113:in `call'
  rack (1.6.0) lib/rack/sendfile.rb:113:in `call'
  railties (4.2.0) lib/rails/engine.rb:518:in `call'
  railties (4.2.0) lib/rails/application.rb:164:in `call'
  rack (1.6.0) lib/rack/lock.rb:17:in `call'
  rack (1.6.0) lib/rack/content_length.rb:15:in `call'
  rack (1.6.0) lib/rack/handler/webrick.rb:89:in `service'
  /home/justjuned/.rvm/rubies/ruby-2.1.5/lib/ruby/2.1.0/webrick/httpserver.rb:138:in `service'
  /home/justjuned/.rvm/rubies/ruby-2.1.5/lib/ruby/2.1.0/webrick/httpserver.rb:94:in `run'
  /home/justjuned/.rvm/rubies/ruby-2.1.5/lib/ruby/2.1.0/webrick/server.rb:295:in `block in start_thread'


  Rendered /home/justjuned/.rvm/gems/ruby-2.1.5/gems/actionpack-4.2.0/lib/action_dispatch/middleware/templates/rescues/_trace.html.erb (1.6ms)
  Rendered /home/justjuned/.rvm/gems/ruby-2.1.5/gems/actionpack-4.2.0/lib/action_dispatch/middleware/templates/routes/_route.html.erb (0.9ms)
  Rendered /home/justjuned/.rvm/gems/ruby-2.1.5/gems/actionpack-4.2.0/lib/action_dispatch/middleware/templates/routes/_table.html.erb (1.3ms)
  Rendered /home/justjuned/.rvm/gems/ruby-2.1.5/gems/actionpack-4.2.0/lib/action_dispatch/middleware/templates/rescues/_request_and_response.html.erb (1.5ms)
  Rendered /home/justjuned/.rvm/gems/ruby-2.1.5/gems/actionpack-4.2.0/lib/action_dispatch/middleware/templates/rescues/routing_error.html.erb within rescues/layout (20.4ms)
  Rendered /home/justjuned/.rvm/gems/ruby-2.1.5/gems/web-console-2.1.0/lib/web_console/templates/_markup.html (0.4ms)
  Rendered /home/justjuned/.rvm/gems/ruby-2.1.5/gems/web-console-2.1.0/lib/web_console/templates/style.css within layouts/inlined_string (0.5ms)
  Rendered /home/justjuned/.rvm/gems/ruby-2.1.5/gems/web-console-2.1.0/lib/web_console/templates/_inner_console_markup.html within layouts/inlined_string (0.3ms)
  Rendered /home/justjuned/.rvm/gems/ruby-2.1.5/gems/web-console-2.1.0/lib/web_console/templates/_prompt_box_markup.html within layouts/inlined_string (0.3ms)
  Rendered /home/justjuned/.rvm/gems/ruby-2.1.5/gems/web-console-2.1.0/lib/web_console/templates/console.js within layouts/javascript (14.2ms)
  Rendered /home/justjuned/.rvm/gems/ruby-2.1.5/gems/web-console-2.1.0/lib/web_console/templates/main.js within layouts/javascript (0.3ms)
  Rendered /home/justjuned/.rvm/gems/ruby-2.1.5/gems/web-console-2.1.0/lib/web_console/templates/error_page.js within layouts/javascript (0.7ms)
  Rendered /home/justjuned/.rvm/gems/ruby-2.1.5/gems/web-console-2.1.0/lib/web_console/templates/index.html (29.5ms)


Started GET "/assets/in.png" for 127.0.0.1 at 2015-03-26 16:24:38 +0530


Started GET "/assets/pattern2.png" for 127.0.0.1 at 2015-03-26 16:24:38 +0530


Started GET "/assets/B2M1.png" for 127.0.0.1 at 2015-03-26 16:24:38 +0530


Started GET "/" for 127.0.0.1 at 2015-03-26 16:25:19 +0530
Processing by HomeController#index as HTML
  Rendered home/index.html.erb within layouts/application (0.1ms)
Completed 200 OK in 293ms (Views: 293.1ms | ActiveRecord: 0.0ms)


Started GET "/assets/angular-ui-utils/ui-utils-b9f45f2323a614796b9baf5eb1ed6baf.js?body=1" for 127.0.0.1 at 2015-03-26 16:25:19 +0530


Started GET "/assets/application-e75e3e34993b9ecdfd8ac7094caf3db9.js?body=1" for 127.0.0.1 at 2015-03-26 16:25:19 +0530


Started GET "/assets/jquery_ujs-b6180cd5656412d5eba8ffc0fdd2bf4a.js?body=1" for 127.0.0.1 at 2015-03-26 16:25:19 +0530


Started GET "/assets/jquery-9d751bd21c4864f65bfbd8f54a1de10c.js?body=1" for 127.0.0.1 at 2015-03-26 16:25:19 +0530


Started GET "/assets/home-e986f9631ac9daafb09ad200f91b7352.css?body=1" for 127.0.0.1 at 2015-03-26 16:25:19 +0530


Started GET "/assets/font-awesome-6c89c596217bb81c443bbc1bb46499d7.css?body=1" for 127.0.0.1 at 2015-03-26 16:25:19 +0530


Started GET "/assets/application-5be16d77ffbe4fe559d8ed2e4c9b0124.css?body=1" for 127.0.0.1 at 2015-03-26 16:25:20 +0530


Started GET "/assets/angular/angular-37db9220596c1f1a1bc77b8681c0e778.js?body=1" for 127.0.0.1 at 2015-03-26 16:25:20 +0530


Started GET "/assets/angular-route/angular-route-bca3206715b918723ca27bff6d4cfe84.js?body=1" for 127.0.0.1 at 2015-03-26 16:25:20 +0530


Started GET "/assets/angular-material/angular-material-c40b62d9c68fea3e2f3ad60bbd2a63ca.js?body=1" for 127.0.0.1 at 2015-03-26 16:25:20 +0530


Started GET "/assets/angular-rails-templates-c9e94de22520f11aa00564c9a904ef73.js?body=1" for 127.0.0.1 at 2015-03-26 16:25:20 +0530


Started GET "/assets/angular-animate/angular-animate-4a761384bc7cebf73d8c4450a308220d.js?body=1" for 127.0.0.1 at 2015-03-26 16:25:20 +0530


Started GET "/assets/angular-aria/angular-aria-1aa231b7ad0390d4eeb18c3628e0a52f.js?body=1" for 127.0.0.1 at 2015-03-26 16:25:20 +0530


Started GET "/assets/angular-ui-date/src/date-538586d09a15e80802c54920483c37ee.js?body=1" for 127.0.0.1 at 2015-03-26 16:25:20 +0530


Started GET "/assets/jquery-ui/jquery-ui-812a25253b3dbe2fffefe5d093fa18bc.js?body=1" for 127.0.0.1 at 2015-03-26 16:25:20 +0530


Started GET "/assets/angular-ui-map/ui-map-c9cc7eda59d3eb9349761624ebc51e1c.js?body=1" for 127.0.0.1 at 2015-03-26 16:25:20 +0530


Started GET "/assets/angular-messages/angular-messages-c107102a3e3631ee57fa5e5afa5204cb.js?body=1" for 127.0.0.1 at 2015-03-26 16:25:20 +0530


Started GET "/assets/angular-pickadate/dist/angular-pickadate-24914355f94d78236c8c2e10bd62583f.js?body=1" for 127.0.0.1 at 2015-03-26 16:25:20 +0530


Started GET "/assets/app-d9d0b1fe97bde666a0eba3b4d5872b57.js?body=1" for 127.0.0.1 at 2015-03-26 16:25:20 +0530


Started GET "/assets/home-6c18af08ae3fb4da41659d8a3910a101.js?body=1" for 127.0.0.1 at 2015-03-26 16:25:20 +0530


Started GET "/assets/ngAutocomplete-02ba5072eb2fee31648653d5979dcd18.js?body=1" for 127.0.0.1 at 2015-03-26 16:25:20 +0530


Started GET "/assets/templates/index-28fea2b2c5bfdbeb452a8f0c0f3e6e05.js?body=1" for 127.0.0.1 at 2015-03-26 16:25:20 +0530


Started GET "/assets/templates/map-878b8d4e5baceba74bedfc7359e91e8e.js?body=1" for 127.0.0.1 at 2015-03-26 16:25:20 +0530


Started GET "/assets/templates/packer_registration-7225237826809f1af62ee8cf3bd75e94.js?body=1" for 127.0.0.1 at 2015-03-26 16:25:20 +0530


Started GET "/assets/templates/registration-71961f09cd6b427f6e0493dda1a109e2.js?body=1" for 127.0.0.1 at 2015-03-26 16:25:20 +0530


Started GET "/assets/bootstrap/dist/css/bootstrap.css" for 127.0.0.1 at 2015-03-26 16:25:20 +0530


Started GET "/assets/angular-material/angular-material.css" for 127.0.0.1 at 2015-03-26 16:25:20 +0530


Started GET "/assets/angular-pickadate/dist/angular-pickadate.css" for 127.0.0.1 at 2015-03-26 16:25:20 +0530


Started GET "/img/flags/de.png" for 127.0.0.1 at 2015-03-26 16:25:20 +0530

ActionController::RoutingError (No route matches [GET] "/img/flags/de.png"):
  actionpack (4.2.0) lib/action_dispatch/middleware/debug_exceptions.rb:21:in `call'
  web-console (2.1.0) lib/web_console/middleware.rb:37:in `call'
  actionpack (4.2.0) lib/action_dispatch/middleware/show_exceptions.rb:30:in `call'
  railties (4.2.0) lib/rails/rack/logger.rb:38:in `call_app'
  railties (4.2.0) lib/rails/rack/logger.rb:20:in `block in call'
  activesupport (4.2.0) lib/active_support/tagged_logging.rb:68:in `block in tagged'
  activesupport (4.2.0) lib/active_support/tagged_logging.rb:26:in `tagged'
  activesupport (4.2.0) lib/active_support/tagged_logging.rb:68:in `tagged'
  railties (4.2.0) lib/rails/rack/logger.rb:20:in `call'
  actionpack (4.2.0) lib/action_dispatch/middleware/request_id.rb:21:in `call'
  rack (1.6.0) lib/rack/methodoverride.rb:22:in `call'
  rack (1.6.0) lib/rack/runtime.rb:18:in `call'
  activesupport (4.2.0) lib/active_support/cache/strategy/local_cache_middleware.rb:28:in `call'
  rack (1.6.0) lib/rack/lock.rb:17:in `call'
  actionpack (4.2.0) lib/action_dispatch/middleware/static.rb:113:in `call'
  rack (1.6.0) lib/rack/sendfile.rb:113:in `call'
  railties (4.2.0) lib/rails/engine.rb:518:in `call'
  railties (4.2.0) lib/rails/application.rb:164:in `call'
  rack (1.6.0) lib/rack/lock.rb:17:in `call'
  rack (1.6.0) lib/rack/content_length.rb:15:in `call'
  rack (1.6.0) lib/rack/handler/webrick.rb:89:in `service'
  /home/justjuned/.rvm/rubies/ruby-2.1.5/lib/ruby/2.1.0/webrick/httpserver.rb:138:in `service'
  /home/justjuned/.rvm/rubies/ruby-2.1.5/lib/ruby/2.1.0/webrick/httpserver.rb:94:in `run'
  /home/justjuned/.rvm/rubies/ruby-2.1.5/lib/ruby/2.1.0/webrick/server.rb:295:in `block in start_thread'


  Rendered /home/justjuned/.rvm/gems/ruby-2.1.5/gems/actionpack-4.2.0/lib/action_dispatch/middleware/templates/rescues/_trace.html.erb (2.6ms)
  Rendered /home/justjuned/.rvm/gems/ruby-2.1.5/gems/actionpack-4.2.0/lib/action_dispatch/middleware/templates/routes/_route.html.erb (1.4ms)
  Rendered /home/justjuned/.rvm/gems/ruby-2.1.5/gems/actionpack-4.2.0/lib/action_dispatch/middleware/templates/routes/_table.html.erb (2.4ms)
  Rendered /home/justjuned/.rvm/gems/ruby-2.1.5/gems/actionpack-4.2.0/lib/action_dispatch/middleware/templates/rescues/_request_and_response.html.erb (2.4ms)
  Rendered /home/justjuned/.rvm/gems/ruby-2.1.5/gems/actionpack-4.2.0/lib/action_dispatch/middleware/templates/rescues/routing_error.html.erb within rescues/layout (33.2ms)
  Rendered /home/justjuned/.rvm/gems/ruby-2.1.5/gems/web-console-2.1.0/lib/web_console/templates/_markup.html (0.8ms)
  Rendered /home/justjuned/.rvm/gems/ruby-2.1.5/gems/web-console-2.1.0/lib/web_console/templates/style.css within layouts/inlined_string (0.7ms)
  Rendered /home/justjuned/.rvm/gems/ruby-2.1.5/gems/web-console-2.1.0/lib/web_console/templates/_inner_console_markup.html within layouts/inlined_string (0.6ms)
  Rendered /home/justjuned/.rvm/gems/ruby-2.1.5/gems/web-console-2.1.0/lib/web_console/templates/_prompt_box_markup.html within layouts/inlined_string (0.6ms)
  Rendered /home/justjuned/.rvm/gems/ruby-2.1.5/gems/web-console-2.1.0/lib/web_console/templates/console.js within layouts/javascript (21.7ms)
  Rendered /home/justjuned/.rvm/gems/ruby-2.1.5/gems/web-console-2.1.0/lib/web_console/templates/main.js within layouts/javascript (0.6ms)
  Rendered /home/justjuned/.rvm/gems/ruby-2.1.5/gems/web-console-2.1.0/lib/web_console/templates/error_page.js within layouts/javascript (0.8ms)
  Rendered /home/justjuned/.rvm/gems/ruby-2.1.5/gems/web-console-2.1.0/lib/web_console/templates/index.html (46.8ms)


Started GET "/img/flags/es.png" for 127.0.0.1 at 2015-03-26 16:25:20 +0530

ActionController::RoutingError (No route matches [GET] "/img/flags/es.png"):
  actionpack (4.2.0) lib/action_dispatch/middleware/debug_exceptions.rb:21:in `call'
  web-console (2.1.0) lib/web_console/middleware.rb:37:in `call'
  actionpack (4.2.0) lib/action_dispatch/middleware/show_exceptions.rb:30:in `call'
  railties (4.2.0) lib/rails/rack/logger.rb:38:in `call_app'
  railties (4.2.0) lib/rails/rack/logger.rb:20:in `block in call'
  activesupport (4.2.0) lib/active_support/tagged_logging.rb:68:in `block in tagged'
  activesupport (4.2.0) lib/active_support/tagged_logging.rb:26:in `tagged'
  activesupport (4.2.0) lib/active_support/tagged_logging.rb:68:in `tagged'
  railties (4.2.0) lib/rails/rack/logger.rb:20:in `call'
  actionpack (4.2.0) lib/action_dispatch/middleware/request_id.rb:21:in `call'
  rack (1.6.0) lib/rack/methodoverride.rb:22:in `call'
  rack (1.6.0) lib/rack/runtime.rb:18:in `call'
  activesupport (4.2.0) lib/active_support/cache/strategy/local_cache_middleware.rb:28:in `call'
  rack (1.6.0) lib/rack/lock.rb:17:in `call'
  actionpack (4.2.0) lib/action_dispatch/middleware/static.rb:113:in `call'
  rack (1.6.0) lib/rack/sendfile.rb:113:in `call'
  railties (4.2.0) lib/rails/engine.rb:518:in `call'
  railties (4.2.0) lib/rails/application.rb:164:in `call'
  rack (1.6.0) lib/rack/lock.rb:17:in `call'
  rack (1.6.0) lib/rack/content_length.rb:15:in `call'
  rack (1.6.0) lib/rack/handler/webrick.rb:89:in `service'
  /home/justjuned/.rvm/rubies/ruby-2.1.5/lib/ruby/2.1.0/webrick/httpserver.rb:138:in `service'
  /home/justjuned/.rvm/rubies/ruby-2.1.5/lib/ruby/2.1.0/webrick/httpserver.rb:94:in `run'
  /home/justjuned/.rvm/rubies/ruby-2.1.5/lib/ruby/2.1.0/webrick/server.rb:295:in `block in start_thread'


  Rendered /home/justjuned/.rvm/gems/ruby-2.1.5/gems/actionpack-4.2.0/lib/action_dispatch/middleware/templates/rescues/_trace.html.erb (1.6ms)
  Rendered /home/justjuned/.rvm/gems/ruby-2.1.5/gems/actionpack-4.2.0/lib/action_dispatch/middleware/templates/routes/_route.html.erb (0.8ms)
  Rendered /home/justjuned/.rvm/gems/ruby-2.1.5/gems/actionpack-4.2.0/lib/action_dispatch/middleware/templates/routes/_table.html.erb (1.6ms)
  Rendered /home/justjuned/.rvm/gems/ruby-2.1.5/gems/actionpack-4.2.0/lib/action_dispatch/middleware/templates/rescues/_request_and_response.html.erb (1.5ms)
  Rendered /home/justjuned/.rvm/gems/ruby-2.1.5/gems/actionpack-4.2.0/lib/action_dispatch/middleware/templates/rescues/routing_error.html.erb within rescues/layout (21.2ms)
  Rendered /home/justjuned/.rvm/gems/ruby-2.1.5/gems/web-console-2.1.0/lib/web_console/templates/_markup.html (0.5ms)
  Rendered /home/justjuned/.rvm/gems/ruby-2.1.5/gems/web-console-2.1.0/lib/web_console/templates/style.css within layouts/inlined_string (0.4ms)
  Rendered /home/justjuned/.rvm/gems/ruby-2.1.5/gems/web-console-2.1.0/lib/web_console/templates/_inner_console_markup.html within layouts/inlined_string (0.6ms)
  Rendered /home/justjuned/.rvm/gems/ruby-2.1.5/gems/web-console-2.1.0/lib/web_console/templates/_prompt_box_markup.html within layouts/inlined_string (0.5ms)
  Rendered /home/justjuned/.rvm/gems/ruby-2.1.5/gems/web-console-2.1.0/lib/web_console/templates/console.js within layouts/javascript (17.4ms)
  Rendered /home/justjuned/.rvm/gems/ruby-2.1.5/gems/web-console-2.1.0/lib/web_console/templates/main.js within layouts/javascript (0.6ms)
  Rendered /home/justjuned/.rvm/gems/ruby-2.1.5/gems/web-console-2.1.0/lib/web_console/templates/error_page.js within layouts/javascript (0.6ms)
  Rendered /home/justjuned/.rvm/gems/ruby-2.1.5/gems/web-console-2.1.0/lib/web_console/templates/index.html (38.8ms)


Started GET "/img/flags/us.png" for 127.0.0.1 at 2015-03-26 16:25:20 +0530

ActionController::RoutingError (No route matches [GET] "/img/flags/us.png"):
  actionpack (4.2.0) lib/action_dispatch/middleware/debug_exceptions.rb:21:in `call'
  web-console (2.1.0) lib/web_console/middleware.rb:37:in `call'
  actionpack (4.2.0) lib/action_dispatch/middleware/show_exceptions.rb:30:in `call'
  railties (4.2.0) lib/rails/rack/logger.rb:38:in `call_app'
  railties (4.2.0) lib/rails/rack/logger.rb:20:in `block in call'
  activesupport (4.2.0) lib/active_support/tagged_logging.rb:68:in `block in tagged'
  activesupport (4.2.0) lib/active_support/tagged_logging.rb:26:in `tagged'
  activesupport (4.2.0) lib/active_support/tagged_logging.rb:68:in `tagged'
  railties (4.2.0) lib/rails/rack/logger.rb:20:in `call'
  actionpack (4.2.0) lib/action_dispatch/middleware/request_id.rb:21:in `call'
  rack (1.6.0) lib/rack/methodoverride.rb:22:in `call'
  rack (1.6.0) lib/rack/runtime.rb:18:in `call'
  activesupport (4.2.0) lib/active_support/cache/strategy/local_cache_middleware.rb:28:in `call'
  rack (1.6.0) lib/rack/lock.rb:17:in `call'
  actionpack (4.2.0) lib/action_dispatch/middleware/static.rb:113:in `call'
  rack (1.6.0) lib/rack/sendfile.rb:113:in `call'
  railties (4.2.0) lib/rails/engine.rb:518:in `call'
  railties (4.2.0) lib/rails/application.rb:164:in `call'
  rack (1.6.0) lib/rack/lock.rb:17:in `call'
  rack (1.6.0) lib/rack/content_length.rb:15:in `call'
  rack (1.6.0) lib/rack/handler/webrick.rb:89:in `service'
  /home/justjuned/.rvm/rubies/ruby-2.1.5/lib/ruby/2.1.0/webrick/httpserver.rb:138:in `service'
  /home/justjuned/.rvm/rubies/ruby-2.1.5/lib/ruby/2.1.0/webrick/httpserver.rb:94:in `run'
  /home/justjuned/.rvm/rubies/ruby-2.1.5/lib/ruby/2.1.0/webrick/server.rb:295:in `block in start_thread'


  Rendered /home/justjuned/.rvm/gems/ruby-2.1.5/gems/actionpack-4.2.0/lib/action_dispatch/middleware/templates/rescues/_trace.html.erb (1.6ms)
  Rendered /home/justjuned/.rvm/gems/ruby-2.1.5/gems/actionpack-4.2.0/lib/action_dispatch/middleware/templates/routes/_route.html.erb (2.1ms)
  Rendered /home/justjuned/.rvm/gems/ruby-2.1.5/gems/actionpack-4.2.0/lib/action_dispatch/middleware/templates/routes/_table.html.erb (1.6ms)
  Rendered /home/justjuned/.rvm/gems/ruby-2.1.5/gems/actionpack-4.2.0/lib/action_dispatch/middleware/templates/rescues/_request_and_response.html.erb (1.6ms)
  Rendered /home/justjuned/.rvm/gems/ruby-2.1.5/gems/actionpack-4.2.0/lib/action_dispatch/middleware/templates/rescues/routing_error.html.erb within rescues/layout (24.5ms)
  Rendered /home/justjuned/.rvm/gems/ruby-2.1.5/gems/web-console-2.1.0/lib/web_console/templates/_markup.html (0.6ms)
  Rendered /home/justjuned/.rvm/gems/ruby-2.1.5/gems/web-console-2.1.0/lib/web_console/templates/style.css within layouts/inlined_string (0.5ms)
  Rendered /home/justjuned/.rvm/gems/ruby-2.1.5/gems/web-console-2.1.0/lib/web_console/templates/_inner_console_markup.html within layouts/inlined_string (0.5ms)
  Rendered /home/justjuned/.rvm/gems/ruby-2.1.5/gems/web-console-2.1.0/lib/web_console/templates/_prompt_box_markup.html within layouts/inlined_string (0.5ms)
  Rendered /home/justjuned/.rvm/gems/ruby-2.1.5/gems/web-console-2.1.0/lib/web_console/templates/console.js within layouts/javascript (15.8ms)
  Rendered /home/justjuned/.rvm/gems/ruby-2.1.5/gems/web-console-2.1.0/lib/web_console/templates/main.js within layouts/javascript (0.5ms)
  Rendered /home/justjuned/.rvm/gems/ruby-2.1.5/gems/web-console-2.1.0/lib/web_console/templates/error_page.js within layouts/javascript (0.4ms)
  Rendered /home/justjuned/.rvm/gems/ruby-2.1.5/gems/web-console-2.1.0/lib/web_console/templates/index.html (32.1ms)


Started GET "/img/flags/us.png" for 127.0.0.1 at 2015-03-26 16:25:20 +0530

ActionController::RoutingError (No route matches [GET] "/img/flags/us.png"):
  actionpack (4.2.0) lib/action_dispatch/middleware/debug_exceptions.rb:21:in `call'
  web-console (2.1.0) lib/web_console/middleware.rb:37:in `call'
  actionpack (4.2.0) lib/action_dispatch/middleware/show_exceptions.rb:30:in `call'
  railties (4.2.0) lib/rails/rack/logger.rb:38:in `call_app'
  railties (4.2.0) lib/rails/rack/logger.rb:20:in `block in call'
  activesupport (4.2.0) lib/active_support/tagged_logging.rb:68:in `block in tagged'
  activesupport (4.2.0) lib/active_support/tagged_logging.rb:26:in `tagged'
  activesupport (4.2.0) lib/active_support/tagged_logging.rb:68:in `tagged'
  railties (4.2.0) lib/rails/rack/logger.rb:20:in `call'
  actionpack (4.2.0) lib/action_dispatch/middleware/request_id.rb:21:in `call'
  rack (1.6.0) lib/rack/methodoverride.rb:22:in `call'
  rack (1.6.0) lib/rack/runtime.rb:18:in `call'
  activesupport (4.2.0) lib/active_support/cache/strategy/local_cache_middleware.rb:28:in `call'
  rack (1.6.0) lib/rack/lock.rb:17:in `call'
  actionpack (4.2.0) lib/action_dispatch/middleware/static.rb:113:in `call'
  rack (1.6.0) lib/rack/sendfile.rb:113:in `call'
  railties (4.2.0) lib/rails/engine.rb:518:in `call'
  railties (4.2.0) lib/rails/application.rb:164:in `call'
  rack (1.6.0) lib/rack/lock.rb:17:in `call'
  rack (1.6.0) lib/rack/content_length.rb:15:in `call'
  rack (1.6.0) lib/rack/handler/webrick.rb:89:in `service'
  /home/justjuned/.rvm/rubies/ruby-2.1.5/lib/ruby/2.1.0/webrick/httpserver.rb:138:in `service'
  /home/justjuned/.rvm/rubies/ruby-2.1.5/lib/ruby/2.1.0/webrick/httpserver.rb:94:in `run'
  /home/justjuned/.rvm/rubies/ruby-2.1.5/lib/ruby/2.1.0/webrick/server.rb:295:in `block in start_thread'


  Rendered /home/justjuned/.rvm/gems/ruby-2.1.5/gems/actionpack-4.2.0/lib/action_dispatch/middleware/templates/rescues/_trace.html.erb (1.8ms)
  Rendered /home/justjuned/.rvm/gems/ruby-2.1.5/gems/actionpack-4.2.0/lib/action_dispatch/middleware/templates/routes/_route.html.erb (1.1ms)
  Rendered /home/justjuned/.rvm/gems/ruby-2.1.5/gems/actionpack-4.2.0/lib/action_dispatch/middleware/templates/routes/_table.html.erb (1.6ms)
  Rendered /home/justjuned/.rvm/gems/ruby-2.1.5/gems/actionpack-4.2.0/lib/action_dispatch/middleware/templates/rescues/_request_and_response.html.erb (2.0ms)
  Rendered /home/justjuned/.rvm/gems/ruby-2.1.5/gems/actionpack-4.2.0/lib/action_dispatch/middleware/templates/rescues/routing_error.html.erb within rescues/layout (22.3ms)
  Rendered /home/justjuned/.rvm/gems/ruby-2.1.5/gems/web-console-2.1.0/lib/web_console/templates/_markup.html (0.5ms)
  Rendered /home/justjuned/.rvm/gems/ruby-2.1.5/gems/web-console-2.1.0/lib/web_console/templates/style.css within layouts/inlined_string (0.5ms)
  Rendered /home/justjuned/.rvm/gems/ruby-2.1.5/gems/web-console-2.1.0/lib/web_console/templates/_inner_console_markup.html within layouts/inlined_string (0.5ms)
  Rendered /home/justjuned/.rvm/gems/ruby-2.1.5/gems/web-console-2.1.0/lib/web_console/templates/_prompt_box_markup.html within layouts/inlined_string (0.3ms)
  Rendered /home/justjuned/.rvm/gems/ruby-2.1.5/gems/web-console-2.1.0/lib/web_console/templates/console.js within layouts/javascript (15.0ms)
  Rendered /home/justjuned/.rvm/gems/ruby-2.1.5/gems/web-console-2.1.0/lib/web_console/templates/main.js within layouts/javascript (0.4ms)
  Rendered /home/justjuned/.rvm/gems/ruby-2.1.5/gems/web-console-2.1.0/lib/web_console/templates/error_page.js within layouts/javascript (0.6ms)
  Rendered /home/justjuned/.rvm/gems/ruby-2.1.5/gems/web-console-2.1.0/lib/web_console/templates/index.html (32.1ms)


Started GET "/img/flags/de.png" for 127.0.0.1 at 2015-03-26 16:25:20 +0530

ActionController::RoutingError (No route matches [GET] "/img/flags/de.png"):
  actionpack (4.2.0) lib/action_dispatch/middleware/debug_exceptions.rb:21:in `call'
  web-console (2.1.0) lib/web_console/middleware.rb:37:in `call'
  actionpack (4.2.0) lib/action_dispatch/middleware/show_exceptions.rb:30:in `call'
  railties (4.2.0) lib/rails/rack/logger.rb:38:in `call_app'
  railties (4.2.0) lib/rails/rack/logger.rb:20:in `block in call'
  activesupport (4.2.0) lib/active_support/tagged_logging.rb:68:in `block in tagged'
  activesupport (4.2.0) lib/active_support/tagged_logging.rb:26:in `tagged'
  activesupport (4.2.0) lib/active_support/tagged_logging.rb:68:in `tagged'
  railties (4.2.0) lib/rails/rack/logger.rb:20:in `call'
  actionpack (4.2.0) lib/action_dispatch/middleware/request_id.rb:21:in `call'
  rack (1.6.0) lib/rack/methodoverride.rb:22:in `call'
  rack (1.6.0) lib/rack/runtime.rb:18:in `call'
  activesupport (4.2.0) lib/active_support/cache/strategy/local_cache_middleware.rb:28:in `call'
  rack (1.6.0) lib/rack/lock.rb:17:in `call'
  actionpack (4.2.0) lib/action_dispatch/middleware/static.rb:113:in `call'
  rack (1.6.0) lib/rack/sendfile.rb:113:in `call'
  railties (4.2.0) lib/rails/engine.rb:518:in `call'
  railties (4.2.0) lib/rails/application.rb:164:in `call'
  rack (1.6.0) lib/rack/lock.rb:17:in `call'
  rack (1.6.0) lib/rack/content_length.rb:15:in `call'
  rack (1.6.0) lib/rack/handler/webrick.rb:89:in `service'
  /home/justjuned/.rvm/rubies/ruby-2.1.5/lib/ruby/2.1.0/webrick/httpserver.rb:138:in `service'
  /home/justjuned/.rvm/rubies/ruby-2.1.5/lib/ruby/2.1.0/webrick/httpserver.rb:94:in `run'
  /home/justjuned/.rvm/rubies/ruby-2.1.5/lib/ruby/2.1.0/webrick/server.rb:295:in `block in start_thread'


  Rendered /home/justjuned/.rvm/gems/ruby-2.1.5/gems/actionpack-4.2.0/lib/action_dispatch/middleware/templates/rescues/_trace.html.erb (1.6ms)
  Rendered /home/justjuned/.rvm/gems/ruby-2.1.5/gems/actionpack-4.2.0/lib/action_dispatch/middleware/templates/routes/_route.html.erb (0.9ms)
  Rendered /home/justjuned/.rvm/gems/ruby-2.1.5/gems/actionpack-4.2.0/lib/action_dispatch/middleware/templates/routes/_table.html.erb (1.4ms)
  Rendered /home/justjuned/.rvm/gems/ruby-2.1.5/gems/actionpack-4.2.0/lib/action_dispatch/middleware/templates/rescues/_request_and_response.html.erb (1.6ms)
  Rendered /home/justjuned/.rvm/gems/ruby-2.1.5/gems/actionpack-4.2.0/lib/action_dispatch/middleware/templates/rescues/routing_error.html.erb within rescues/layout (20.8ms)
  Rendered /home/justjuned/.rvm/gems/ruby-2.1.5/gems/web-console-2.1.0/lib/web_console/templates/_markup.html (0.5ms)
  Rendered /home/justjuned/.rvm/gems/ruby-2.1.5/gems/web-console-2.1.0/lib/web_console/templates/style.css within layouts/inlined_string (0.4ms)
  Rendered /home/justjuned/.rvm/gems/ruby-2.1.5/gems/web-console-2.1.0/lib/web_console/templates/_inner_console_markup.html within layouts/inlined_string (0.3ms)
  Rendered /home/justjuned/.rvm/gems/ruby-2.1.5/gems/web-console-2.1.0/lib/web_console/templates/_prompt_box_markup.html within layouts/inlined_string (0.3ms)
  Rendered /home/justjuned/.rvm/gems/ruby-2.1.5/gems/web-console-2.1.0/lib/web_console/templates/console.js within layouts/javascript (14.0ms)
  Rendered /home/justjuned/.rvm/gems/ruby-2.1.5/gems/web-console-2.1.0/lib/web_console/templates/main.js within layouts/javascript (0.3ms)
  Rendered /home/justjuned/.rvm/gems/ruby-2.1.5/gems/web-console-2.1.0/lib/web_console/templates/error_page.js within layouts/javascript (0.6ms)
  Rendered /home/justjuned/.rvm/gems/ruby-2.1.5/gems/web-console-2.1.0/lib/web_console/templates/index.html (31.5ms)


Started GET "/assets/B2M1.png" for 127.0.0.1 at 2015-03-26 16:25:20 +0530


Started GET "/assets/in.png" for 127.0.0.1 at 2015-03-26 16:25:20 +0530


Started GET "/img/flags/es.png" for 127.0.0.1 at 2015-03-26 16:25:20 +0530

ActionController::RoutingError (No route matches [GET] "/img/flags/es.png"):
  actionpack (4.2.0) lib/action_dispatch/middleware/debug_exceptions.rb:21:in `call'
  web-console (2.1.0) lib/web_console/middleware.rb:37:in `call'
  actionpack (4.2.0) lib/action_dispatch/middleware/show_exceptions.rb:30:in `call'
  railties (4.2.0) lib/rails/rack/logger.rb:38:in `call_app'
  railties (4.2.0) lib/rails/rack/logger.rb:20:in `block in call'
  activesupport (4.2.0) lib/active_support/tagged_logging.rb:68:in `block in tagged'
  activesupport (4.2.0) lib/active_support/tagged_logging.rb:26:in `tagged'
  activesupport (4.2.0) lib/active_support/tagged_logging.rb:68:in `tagged'
  railties (4.2.0) lib/rails/rack/logger.rb:20:in `call'
  actionpack (4.2.0) lib/action_dispatch/middleware/request_id.rb:21:in `call'
  rack (1.6.0) lib/rack/methodoverride.rb:22:in `call'
  rack (1.6.0) lib/rack/runtime.rb:18:in `call'
  activesupport (4.2.0) lib/active_support/cache/strategy/local_cache_middleware.rb:28:in `call'
  rack (1.6.0) lib/rack/lock.rb:17:in `call'
  actionpack (4.2.0) lib/action_dispatch/middleware/static.rb:113:in `call'
  rack (1.6.0) lib/rack/sendfile.rb:113:in `call'
  railties (4.2.0) lib/rails/engine.rb:518:in `call'
  railties (4.2.0) lib/rails/application.rb:164:in `call'
  rack (1.6.0) lib/rack/lock.rb:17:in `call'
  rack (1.6.0) lib/rack/content_length.rb:15:in `call'
  rack (1.6.0) lib/rack/handler/webrick.rb:89:in `service'
  /home/justjuned/.rvm/rubies/ruby-2.1.5/lib/ruby/2.1.0/webrick/httpserver.rb:138:in `service'
  /home/justjuned/.rvm/rubies/ruby-2.1.5/lib/ruby/2.1.0/webrick/httpserver.rb:94:in `run'
  /home/justjuned/.rvm/rubies/ruby-2.1.5/lib/ruby/2.1.0/webrick/server.rb:295:in `block in start_thread'


  Rendered /home/justjuned/.rvm/gems/ruby-2.1.5/gems/actionpack-4.2.0/lib/action_dispatch/middleware/templates/rescues/_trace.html.erb (1.8ms)
  Rendered /home/justjuned/.rvm/gems/ruby-2.1.5/gems/actionpack-4.2.0/lib/action_dispatch/middleware/templates/routes/_route.html.erb (0.8ms)
  Rendered /home/justjuned/.rvm/gems/ruby-2.1.5/gems/actionpack-4.2.0/lib/action_dispatch/middleware/templates/routes/_table.html.erb (1.5ms)
  Rendered /home/justjuned/.rvm/gems/ruby-2.1.5/gems/actionpack-4.2.0/lib/action_dispatch/middleware/templates/rescues/_request_and_response.html.erb (1.6ms)
  Rendered /home/justjuned/.rvm/gems/ruby-2.1.5/gems/actionpack-4.2.0/lib/action_dispatch/middleware/templates/rescues/routing_error.html.erb within rescues/layout (22.1ms)
  Rendered /home/justjuned/.rvm/gems/ruby-2.1.5/gems/web-console-2.1.0/lib/web_console/templates/_markup.html (0.5ms)
  Rendered /home/justjuned/.rvm/gems/ruby-2.1.5/gems/web-console-2.1.0/lib/web_console/templates/style.css within layouts/inlined_string (0.4ms)
  Rendered /home/justjuned/.rvm/gems/ruby-2.1.5/gems/web-console-2.1.0/lib/web_console/templates/_inner_console_markup.html within layouts/inlined_string (0.4ms)
  Rendered /home/justjuned/.rvm/gems/ruby-2.1.5/gems/web-console-2.1.0/lib/web_console/templates/_prompt_box_markup.html within layouts/inlined_string (0.5ms)
  Rendered /home/justjuned/.rvm/gems/ruby-2.1.5/gems/web-console-2.1.0/lib/web_console/templates/console.js within layouts/javascript (15.1ms)
  Rendered /home/justjuned/.rvm/gems/ruby-2.1.5/gems/web-console-2.1.0/lib/web_console/templates/main.js within layouts/javascript (0.5ms)
  Rendered /home/justjuned/.rvm/gems/ruby-2.1.5/gems/web-console-2.1.0/lib/web_console/templates/error_page.js within layouts/javascript (0.6ms)
  Rendered /home/justjuned/.rvm/gems/ruby-2.1.5/gems/web-console-2.1.0/lib/web_console/templates/index.html (34.2ms)


Started GET "/assets/pattern2.png" for 127.0.0.1 at 2015-03-26 16:25:21 +0530


Started GET "/assets/Truck.png" for 127.0.0.1 at 2015-03-26 16:25:21 +0530


Started GET "/assets/sign-in-button.png" for 127.0.0.1 at 2015-03-26 16:25:35 +0530


Started GET "/assets/Button-login-with-facebook.png" for 127.0.0.1 at 2015-03-26 16:25:35 +0530


Started GET "/assets/u_twitter_login_button.png" for 127.0.0.1 at 2015-03-26 16:25:35 +0530
